{"meta": {"format": 3, "version": "7.11.3", "timestamp": "2025-11-13T23:25:17.699759", "branch_coverage": false, "show_contexts": false}, "files": {"app/api/deps.py": {"executed_lines": [1, 3, 4, 5, 7, 8, 9, 11, 12, 13, 14, 17, 38, 39, 45, 51, 52, 54, 55, 61, 64, 65, 66, 76, 77, 78, 80, 81, 86, 89, 110, 111, 113, 114, 115, 116, 119, 130, 131, 136, 141, 185, 186, 187, 189, 644, 645, 646, 1304, 1318, 1319, 1321, 1653, 1662, 1971, 1981, 1983, 1990, 2742, 2745, 2750, 2757, 2758], "summary": {"covered_lines": 40, "num_statements": 51, "percent_covered": 78.43137254901961, "percent_covered_display": "78.43", "missing_lines": 11, "excluded_lines": 0}, "missing_lines": [142, 143, 144, 149, 150, 151, 152, 161, 162, 163, 164], "excluded_lines": [], "functions": {"get_current_session_with_rotation": {"executed_lines": [38, 39, 45, 51, 52, 54, 55, 61, 64, 65, 66, 76, 77, 78, 80, 81, 86], "summary": {"covered_lines": 17, "num_statements": 17, "percent_covered": 100.0, "percent_covered_display": "100.00", "missing_lines": 0, "excluded_lines": 0}, "missing_lines": [], "excluded_lines": []}, "get_optional_session_with_rotation": {"executed_lines": [110, 111, 113, 114, 115, 116], "summary": {"covered_lines": 6, "num_statements": 6, "percent_covered": 100.0, "percent_covered_display": "100.00", "missing_lines": 0, "excluded_lines": 0}, "missing_lines": [], "excluded_lines": []}, "get_session_allow_inactive": {"executed_lines": [130, 131, 136, 141], "summary": {"covered_lines": 4, "num_statements": 15, "percent_covered": 26.666666666666668, "percent_covered_display": "26.67", "missing_lines": 11, "excluded_lines": 0}, "missing_lines": [142, 143, 144, 149, 150, 151, 152, 161, 162, 163, 164], "excluded_lines": []}, "": {"executed_lines": [1, 3, 4, 5, 7, 8, 9, 11, 12, 13, 14, 17, 89, 119], "summary": {"covered_lines": 13, "num_statements": 13, "percent_covered": 100.0, "percent_covered_display": "100.00", "missing_lines": 0, "excluded_lines": 0}, "missing_lines": [], "excluded_lines": []}}, "classes": {"": {"executed_lines": [1, 3, 4, 5, 7, 8, 9, 11, 12, 13, 14, 17, 38, 39, 45, 51, 52, 54, 55, 61, 64, 65, 66, 76, 77, 78, 80, 81, 86, 89, 110, 111, 113, 114, 115, 116, 119, 130, 131, 136, 141], "summary": {"covered_lines": 40, "num_statements": 51, "percent_covered": 78.43137254901961, "percent_covered_display": "78.43", "missing_lines": 11, "excluded_lines": 0}, "missing_lines": [142, 143, 144, 149, 150, 151, 152, 161, 162, 163, 164], "excluded_lines": []}}}, "app/api/routes/dev.py": {"executed_lines": [1, 3, 5, 8, 9, 10, 11], "summary": {"covered_lines": 7, "num_statements": 7, "percent_covered": 100.0, "percent_covered_display": "100.00", "missing_lines": 0, "excluded_lines": 0}, "missing_lines": [], "excluded_lines": [], "functions": {"debug_mail": {"executed_lines": [10, 11], "summary": {"covered_lines": 2, "num_statements": 2, "percent_covered": 100.0, "percent_covered_display": "100.00", "missing_lines": 0, "excluded_lines": 0}, "missing_lines": [], "excluded_lines": []}, "": {"executed_lines": [1, 3, 5, 8, 9], "summary": {"covered_lines": 5, "num_statements": 5, "percent_covered": 100.0, "percent_covered_display": "100.00", "missing_lines": 0, "excluded_lines": 0}, "missing_lines": [], "excluded_lines": []}}, "classes": {"": {"executed_lines": [1, 3, 5, 8, 9, 10, 11], "summary": {"covered_lines": 7, "num_statements": 7, "percent_covered": 100.0, "percent_covered_display": "100.00", "missing_lines": 0, "excluded_lines": 0}, "missing_lines": [], "excluded_lines": []}}}, "app/api/routes/health.py": {"executed_lines": [1, 3, 6, 7, 8], "summary": {"covered_lines": 5, "num_statements": 5, "percent_covered": 100.0, "percent_covered_display": "100.00", "missing_lines": 0, "excluded_lines": 0}, "missing_lines": [], "excluded_lines": [], "functions": {"healthz": {"executed_lines": [8], "summary": {"covered_lines": 1, "num_statements": 1, "percent_covered": 100.0, "percent_covered_display": "100.00", "missing_lines": 0, "excluded_lines": 0}, "missing_lines": [], "excluded_lines": []}, "": {"executed_lines": [1, 3, 6, 7], "summary": {"covered_lines": 4, "num_statements": 4, "percent_covered": 100.0, "percent_covered_display": "100.00", "missing_lines": 0, "excluded_lines": 0}, "missing_lines": [], "excluded_lines": []}}, "classes": {"": {"executed_lines": [1, 3, 6, 7, 8], "summary": {"covered_lines": 5, "num_statements": 5, "percent_covered": 100.0, "percent_covered_display": "100.00", "missing_lines": 0, "excluded_lines": 0}, "missing_lines": [], "excluded_lines": []}}}, "app/api/v1/admin.py": {"executed_lines": [1, 3, 5, 6, 7, 8, 10, 11, 12, 14, 17, 18, 20, 21, 22, 23, 24, 25, 26, 27, 30, 31, 33, 34, 35, 36, 37, 40, 41, 55, 58, 59, 60, 61, 62, 63, 66, 79, 83, 84, 90, 92, 93, 94, 95, 96, 97, 98, 99, 102, 105, 106, 107, 108, 109, 110, 111, 112, 113, 115, 151, 152, 163, 166, 167, 173, 174], "summary": {"covered_lines": 64, "num_statements": 74, "percent_covered": 86.48648648648648, "percent_covered_display": "86.49", "missing_lines": 10, "excluded_lines": 0}, "missing_lines": [116, 119, 120, 122, 123, 126, 140, 142, 175, 177], "excluded_lines": [], "functions": {"get_audit_events": {"executed_lines": [55, 58, 59, 60, 61, 62, 63, 66, 79, 83, 84, 90, 92, 93, 94, 95, 96, 97, 98, 99, 102, 105, 106, 107, 108, 109, 110, 111, 112, 113, 115], "summary": {"covered_lines": 31, "num_statements": 39, "percent_covered": 79.48717948717949, "percent_covered_display": "79.49", "missing_lines": 8, "excluded_lines": 0}, "missing_lines": [116, 119, 120, 122, 123, 126, 140, 142], "excluded_lines": []}, "get_event_types": {"executed_lines": [163, 166, 167, 173, 174], "summary": {"covered_lines": 5, "num_statements": 7, "percent_covered": 71.42857142857143, "percent_covered_display": "71.43", "missing_lines": 2, "excluded_lines": 0}, "missing_lines": [175, 177], "excluded_lines": []}, "": {"executed_lines": [1, 3, 5, 6, 7, 8, 10, 11, 12, 14, 17, 18, 20, 21, 22, 23, 24, 25, 26, 27, 30, 31, 33, 34, 35, 36, 37, 40, 41, 151, 152], "summary": {"covered_lines": 28, "num_statements": 28, "percent_covered": 100.0, "percent_covered_display": "100.00", "missing_lines": 0, "excluded_lines": 0}, "missing_lines": [], "excluded_lines": []}}, "classes": {"AuditLogEntry": {"executed_lines": [], "summary": {"covered_lines": 0, "num_statements": 0, "percent_covered": 100.0, "percent_covered_display": "100.00", "missing_lines": 0, "excluded_lines": 0}, "missing_lines": [], "excluded_lines": []}, "AuditLogResponse": {"executed_lines": [], "summary": {"covered_lines": 0, "num_statements": 0, "percent_covered": 100.0, "percent_covered_display": "100.00", "missing_lines": 0, "excluded_lines": 0}, "missing_lines": [], "excluded_lines": []}, "": {"executed_lines": [1, 3, 5, 6, 7, 8, 10, 11, 12, 14, 17, 18, 20, 21, 22, 23, 24, 25, 26, 27, 30, 31, 33, 34, 35, 36, 37, 40, 41, 55, 58, 59, 60, 61, 62, 63, 66, 79, 83, 84, 90, 92, 93, 94, 95, 96, 97, 98, 99, 102, 105, 106, 107, 108, 109, 110, 111, 112, 113, 115, 151, 152, 163, 166, 167, 173, 174], "summary": {"covered_lines": 64, "num_statements": 74, "percent_covered": 86.48648648648648, "percent_covered_display": "86.49", "missing_lines": 10, "excluded_lines": 0}, "missing_lines": [116, 119, 120, 122, 123, 126, 140, 142, 175, 177], "excluded_lines": []}}}, "app/api/v1/auth.py": {"executed_lines": [1, 2, 3, 5, 6, 7, 8, 9, 10, 12, 13, 14, 15, 21, 22, 23, 30, 32, 34, 35, 38, 39, 42, 43, 46, 47, 50, 51, 52, 55, 56, 59, 60, 61, 64, 65, 66, 67, 70, 71, 72, 75, 76, 79, 80, 81, 84, 85, 86, 87, 90, 91, 92, 95, 96, 97, 98, 99, 102, 103, 106, 107, 108, 111, 112, 115, 116, 119, 120, 122, 123, 124, 125, 126, 127, 128, 131, 132, 134, 135, 138, 139, 141, 142, 145, 146, 148, 149, 152, 153, 163, 164, 167, 168, 185, 186, 249, 295, 298, 299, 309, 312, 322, 324, 332, 333, 351, 356, 369, 378, 383, 401, 417, 427, 428, 429, 432, 433, 435, 443, 446, 447, 450, 453, 461, 463, 486, 487, 494, 497, 498, 554, 560, 561, 569, 570, 582, 583, 584, 587, 588, 603, 604, 637, 693, 696, 703, 706, 707, 758, 764, 765, 773, 776, 785, 788, 789, 804, 805, 911, 912, 919, 920, 926, 931, 960, 961, 969, 971, 975, 983, 985, 988, 989, 997, 999, 1010, 1011, 1022, 1028, 1114, 1117, 1127, 1128, 1191, 1197, 1200, 1201, 1211, 1214, 1225, 1245, 1246, 1257, 1260, 1262, 1263, 1271, 1272, 1278, 1283, 1319, 1322, 1335, 1338, 1344, 3297, 3298, 3299], "summary": {"covered_lines": 201, "num_statements": 447, "percent_covered": 44.966442953020135, "percent_covered_display": "44.97", "missing_lines": 246, "excluded_lines": 0}, "missing_lines": [169, 171, 172, 174, 175, 182, 183, 184, 193, 194, 195, 198, 199, 201, 202, 203, 205, 214, 216, 219, 222, 234, 235, 240, 241, 244, 252, 255, 264, 266, 269, 270, 282, 283, 288, 289, 290, 313, 315, 318, 319, 335, 342, 357, 359, 361, 362, 363, 364, 365, 367, 370, 389, 390, 391, 393, 394, 400, 406, 415, 416, 418, 465, 472, 481, 499, 501, 503, 504, 511, 512, 513, 516, 517, 518, 520, 521, 522, 530, 531, 539, 540, 541, 546, 547, 548, 563, 589, 591, 592, 598, 609, 612, 613, 619, 621, 622, 629, 630, 636, 648, 651, 657, 659, 662, 668, 670, 676, 677, 678, 687, 708, 710, 711, 717, 718, 719, 721, 722, 727, 728, 729, 737, 738, 743, 744, 745, 750, 751, 752, 767, 790, 792, 793, 799, 810, 813, 814, 820, 821, 822, 827, 831, 832, 834, 835, 841, 843, 844, 852, 853, 859, 860, 863, 864, 865, 867, 875, 878, 879, 880, 883, 891, 893, 896, 905, 932, 934, 935, 941, 944, 945, 947, 976, 978, 979, 980, 1029, 1031, 1032, 1037, 1043, 1044, 1045, 1047, 1048, 1054, 1055, 1056, 1059, 1060, 1063, 1064, 1066, 1074, 1077, 1080, 1088, 1090, 1092, 1099, 1108, 1129, 1131, 1133, 1134, 1136, 1137, 1139, 1148, 1151, 1158, 1160, 1163, 1164, 1176, 1177, 1182, 1183, 1186, 1226, 1229, 1242, 1264, 1265, 1284, 1286, 1287, 1293, 1294, 1297, 1303, 1305, 1307, 1313, 1345, 1348, 1349, 1351, 1352, 1353, 1356, 1366, 1368, 1370, 1376], "excluded_lines": [], "functions": {"start_magic_link_login": {"executed_lines": [163, 164, 167, 168, 185, 186, 249, 295], "summary": {"covered_lines": 7, "num_statements": 44, "percent_covered": 15.909090909090908, "percent_covered_display": "15.91", "missing_lines": 37, "excluded_lines": 0}, "missing_lines": [169, 171, 172, 174, 175, 182, 183, 184, 193, 194, 195, 198, 199, 201, 202, 203, 205, 214, 216, 219, 222, 234, 235, 240, 241, 244, 252, 255, 264, 266, 269, 270, 282, 283, 288, 289, 290], "excluded_lines": []}, "verify_magic_link": {"executed_lines": [309, 312, 322, 324, 332, 333, 351, 356, 369, 378, 383, 401, 417, 427, 428, 429, 432, 433, 435, 443, 446, 447, 450, 453, 461, 463], "summary": {"covered_lines": 26, "num_statements": 54, "percent_covered": 48.148148148148145, "percent_covered_display": "48.15", "missing_lines": 28, "excluded_lines": 0}, "missing_lines": [313, 315, 318, 319, 335, 342, 357, 359, 361, 362, 363, 364, 365, 367, 370, 389, 390, 391, 393, 394, 400, 406, 415, 416, 418, 465, 472, 481], "excluded_lines": []}, "start_webauthn_registration": {"executed_lines": [494, 497, 498, 554, 560, 561], "summary": {"covered_lines": 6, "num_statements": 28, "percent_covered": 21.428571428571427, "percent_covered_display": "21.43", "missing_lines": 22, "excluded_lines": 0}, "missing_lines": [499, 501, 503, 504, 511, 512, 513, 516, 517, 518, 520, 521, 522, 530, 531, 539, 540, 541, 546, 547, 548, 563], "excluded_lines": []}, "finish_webauthn_registration": {"executed_lines": [582, 583, 584, 587, 588, 603, 604, 637], "summary": {"covered_lines": 8, "num_statements": 32, "percent_covered": 25.0, "percent_covered_display": "25.00", "missing_lines": 24, "excluded_lines": 0}, "missing_lines": [589, 591, 592, 598, 609, 612, 613, 619, 621, 622, 629, 630, 636, 648, 651, 657, 659, 662, 668, 670, 676, 677, 678, 687], "excluded_lines": []}, "start_webauthn_authentication": {"executed_lines": [703, 706, 707, 758, 764, 765], "summary": {"covered_lines": 6, "num_statements": 26, "percent_covered": 23.076923076923077, "percent_covered_display": "23.08", "missing_lines": 20, "excluded_lines": 0}, "missing_lines": [708, 710, 711, 717, 718, 719, 721, 722, 727, 728, 729, 737, 738, 743, 744, 745, 750, 751, 752, 767], "excluded_lines": []}, "finish_webauthn_authentication": {"executed_lines": [785, 788, 789, 804, 805], "summary": {"covered_lines": 5, "num_statements": 40, "percent_covered": 12.5, "percent_covered_display": "12.50", "missing_lines": 35, "excluded_lines": 0}, "missing_lines": [790, 792, 793, 799, 810, 813, 814, 820, 821, 822, 827, 831, 832, 834, 835, 841, 843, 844, 852, 853, 859, 860, 863, 864, 865, 867, 875, 878, 879, 880, 883, 891, 893, 896, 905], "excluded_lines": []}, "list_webauthn_credentials": {"executed_lines": [919, 920, 926, 931], "summary": {"covered_lines": 4, "num_statements": 11, "percent_covered": 36.36363636363637, "percent_covered_display": "36.36", "missing_lines": 7, "excluded_lines": 0}, "missing_lines": [932, 934, 935, 941, 944, 945, 947], "excluded_lines": []}, "logout": {"executed_lines": [969, 971, 975, 983, 985], "summary": {"covered_lines": 5, "num_statements": 9, "percent_covered": 55.55555555555556, "percent_covered_display": "55.56", "missing_lines": 4, "excluded_lines": 0}, "missing_lines": [976, 978, 979, 980], "excluded_lines": []}, "get_current_user": {"executed_lines": [997, 999], "summary": {"covered_lines": 2, "num_statements": 2, "percent_covered": 100.0, "percent_covered_display": "100.00", "missing_lines": 0, "excluded_lines": 0}, "missing_lines": [], "excluded_lines": []}, "verify_email": {"executed_lines": [1022, 1028], "summary": {"covered_lines": 2, "num_statements": 27, "percent_covered": 7.407407407407407, "percent_covered_display": "7.41", "missing_lines": 25, "excluded_lines": 0}, "missing_lines": [1029, 1031, 1032, 1037, 1043, 1044, 1045, 1047, 1048, 1054, 1055, 1056, 1059, 1060, 1063, 1064, 1066, 1074, 1077, 1080, 1088, 1090, 1092, 1099, 1108], "excluded_lines": []}, "resend_verification_email": {"executed_lines": [1127, 1128, 1191, 1197], "summary": {"covered_lines": 4, "num_statements": 22, "percent_covered": 18.181818181818183, "percent_covered_display": "18.18", "missing_lines": 18, "excluded_lines": 0}, "missing_lines": [1129, 1131, 1133, 1134, 1136, 1137, 1139, 1148, 1151, 1158, 1160, 1163, 1164, 1176, 1177, 1182, 1183, 1186], "excluded_lines": []}, "list_sessions": {"executed_lines": [1211, 1214, 1225], "summary": {"covered_lines": 3, "num_statements": 6, "percent_covered": 50.0, "percent_covered_display": "50.00", "missing_lines": 3, "excluded_lines": 0}, "missing_lines": [1226, 1229, 1242], "excluded_lines": []}, "revoke_session": {"executed_lines": [1257, 1260, 1262, 1263, 1271, 1272, 1278, 1283], "summary": {"covered_lines": 8, "num_statements": 20, "percent_covered": 40.0, "percent_covered_display": "40.00", "missing_lines": 12, "excluded_lines": 0}, "missing_lines": [1264, 1265, 1284, 1286, 1287, 1293, 1294, 1297, 1303, 1305, 1307, 1313], "excluded_lines": []}, "revoke_all_other_sessions": {"executed_lines": [1335, 1338, 1344], "summary": {"covered_lines": 3, "num_statements": 14, "percent_covered": 21.428571428571427, "percent_covered_display": "21.43", "missing_lines": 11, "excluded_lines": 0}, "missing_lines": [1345, 1348, 1349, 1351, 1352, 1353, 1356, 1366, 1368, 1370, 1376], "excluded_lines": []}, "": {"executed_lines": [1, 2, 3, 5, 6, 7, 8, 9, 10, 12, 13, 14, 15, 21, 22, 23, 30, 32, 34, 35, 38, 39, 42, 43, 46, 47, 50, 51, 52, 55, 56, 59, 60, 61, 64, 65, 66, 67, 70, 71, 72, 75, 76, 79, 80, 81, 84, 85, 86, 87, 90, 91, 92, 95, 96, 97, 98, 99, 102, 103, 106, 107, 108, 111, 112, 115, 116, 119, 120, 122, 123, 124, 125, 126, 127, 128, 131, 132, 134, 135, 138, 139, 141, 142, 145, 146, 148, 149, 152, 153, 298, 299, 486, 487, 569, 570, 693, 696, 773, 776, 911, 912, 960, 961, 988, 989, 1010, 1011, 1114, 1117, 1200, 1201, 1245, 1246, 1319, 1322], "summary": {"covered_lines": 112, "num_statements": 112, "percent_covered": 100.0, "percent_covered_display": "100.00", "missing_lines": 0, "excluded_lines": 0}, "missing_lines": [], "excluded_lines": []}}, "classes": {"MagicLinkRequest": {"executed_lines": [], "summary": {"covered_lines": 0, "num_statements": 0, "percent_covered": 100.0, "percent_covered_display": "100.00", "missing_lines": 0, "excluded_lines": 0}, "missing_lines": [], "excluded_lines": []}, "MagicLinkResponse": {"executed_lines": [], "summary": {"covered_lines": 0, "num_statements": 0, "percent_covered": 100.0, "percent_covered_display": "100.00", "missing_lines": 0, "excluded_lines": 0}, "missing_lines": [], "excluded_lines": []}, "MagicLinkVerifyRequest": {"executed_lines": [], "summary": {"covered_lines": 0, "num_statements": 0, "percent_covered": 100.0, "percent_covered_display": "100.00", "missing_lines": 0, "excluded_lines": 0}, "missing_lines": [], "excluded_lines": []}, "MagicLinkVerifyResponse": {"executed_lines": [], "summary": {"covered_lines": 0, "num_statements": 0, "percent_covered": 100.0, "percent_covered_display": "100.00", "missing_lines": 0, "excluded_lines": 0}, "missing_lines": [], "excluded_lines": []}, "WebAuthnRegisterStartRequest": {"executed_lines": [], "summary": {"covered_lines": 0, "num_statements": 0, "percent_covered": 100.0, "percent_covered_display": "100.00", "missing_lines": 0, "excluded_lines": 0}, "missing_lines": [], "excluded_lines": []}, "WebAuthnRegisterStartResponse": {"executed_lines": [], "summary": {"covered_lines": 0, "num_statements": 0, "percent_covered": 100.0, "percent_covered_display": "100.00", "missing_lines": 0, "excluded_lines": 0}, "missing_lines": [], "excluded_lines": []}, "WebAuthnRegisterFinishRequest": {"executed_lines": [], "summary": {"covered_lines": 0, "num_statements": 0, "percent_covered": 100.0, "percent_covered_display": "100.00", "missing_lines": 0, "excluded_lines": 0}, "missing_lines": [], "excluded_lines": []}, "WebAuthnRegisterFinishResponse": {"executed_lines": [], "summary": {"covered_lines": 0, "num_statements": 0, "percent_covered": 100.0, "percent_covered_display": "100.00", "missing_lines": 0, "excluded_lines": 0}, "missing_lines": [], "excluded_lines": []}, "WebAuthnAuthenticateStartRequest": {"executed_lines": [], "summary": {"covered_lines": 0, "num_statements": 0, "percent_covered": 100.0, "percent_covered_display": "100.00", "missing_lines": 0, "excluded_lines": 0}, "missing_lines": [], "excluded_lines": []}, "WebAuthnAuthenticateStartResponse": {"executed_lines": [], "summary": {"covered_lines": 0, "num_statements": 0, "percent_covered": 100.0, "percent_covered_display": "100.00", "missing_lines": 0, "excluded_lines": 0}, "missing_lines": [], "excluded_lines": []}, "WebAuthnAuthenticateFinishRequest": {"executed_lines": [], "summary": {"covered_lines": 0, "num_statements": 0, "percent_covered": 100.0, "percent_covered_display": "100.00", "missing_lines": 0, "excluded_lines": 0}, "missing_lines": [], "excluded_lines": []}, "WebAuthnAuthenticateFinishResponse": {"executed_lines": [], "summary": {"covered_lines": 0, "num_statements": 0, "percent_covered": 100.0, "percent_covered_display": "100.00", "missing_lines": 0, "excluded_lines": 0}, "missing_lines": [], "excluded_lines": []}, "WebAuthnCredentialResponse": {"executed_lines": [], "summary": {"covered_lines": 0, "num_statements": 0, "percent_covered": 100.0, "percent_covered_display": "100.00", "missing_lines": 0, "excluded_lines": 0}, "missing_lines": [], "excluded_lines": []}, "EmailVerifyRequest": {"executed_lines": [], "summary": {"covered_lines": 0, "num_statements": 0, "percent_covered": 100.0, "percent_covered_display": "100.00", "missing_lines": 0, "excluded_lines": 0}, "missing_lines": [], "excluded_lines": []}, "EmailVerifyResponse": {"executed_lines": [], "summary": {"covered_lines": 0, "num_statements": 0, "percent_covered": 100.0, "percent_covered_display": "100.00", "missing_lines": 0, "excluded_lines": 0}, "missing_lines": [], "excluded_lines": []}, "EmailResendVerificationRequest": {"executed_lines": [], "summary": {"covered_lines": 0, "num_statements": 0, "percent_covered": 100.0, "percent_covered_display": "100.00", "missing_lines": 0, "excluded_lines": 0}, "missing_lines": [], "excluded_lines": []}, "EmailResendVerificationResponse": {"executed_lines": [], "summary": {"covered_lines": 0, "num_statements": 0, "percent_covered": 100.0, "percent_covered_display": "100.00", "missing_lines": 0, "excluded_lines": 0}, "missing_lines": [], "excluded_lines": []}, "SessionInfo": {"executed_lines": [], "summary": {"covered_lines": 0, "num_statements": 0, "percent_covered": 100.0, "percent_covered_display": "100.00", "missing_lines": 0, "excluded_lines": 0}, "missing_lines": [], "excluded_lines": []}, "ListSessionsResponse": {"executed_lines": [], "summary": {"covered_lines": 0, "num_statements": 0, "percent_covered": 100.0, "percent_covered_display": "100.00", "missing_lines": 0, "excluded_lines": 0}, "missing_lines": [], "excluded_lines": []}, "RevokeSessionResponse": {"executed_lines": [], "summary": {"covered_lines": 0, "num_statements": 0, "percent_covered": 100.0, "percent_covered_display": "100.00", "missing_lines": 0, "excluded_lines": 0}, "missing_lines": [], "excluded_lines": []}, "RevokeAllOtherSessionsResponse": {"executed_lines": [], "summary": {"covered_lines": 0, "num_statements": 0, "percent_covered": 100.0, "percent_covered_display": "100.00", "missing_lines": 0, "excluded_lines": 0}, "missing_lines": [], "excluded_lines": []}, "": {"executed_lines": [1, 2, 3, 5, 6, 7, 8, 9, 10, 12, 13, 14, 15, 21, 22, 23, 30, 32, 34, 35, 38, 39, 42, 43, 46, 47, 50, 51, 52, 55, 56, 59, 60, 61, 64, 65, 66, 67, 70, 71, 72, 75, 76, 79, 80, 81, 84, 85, 86, 87, 90, 91, 92, 95, 96, 97, 98, 99, 102, 103, 106, 107, 108, 111, 112, 115, 116, 119, 120, 122, 123, 124, 125, 126, 127, 128, 131, 132, 134, 135, 138, 139, 141, 142, 145, 146, 148, 149, 152, 153, 163, 164, 167, 168, 185, 186, 249, 295, 298, 299, 309, 312, 322, 324, 332, 333, 351, 356, 369, 378, 383, 401, 417, 427, 428, 429, 432, 433, 435, 443, 446, 447, 450, 453, 461, 463, 486, 487, 494, 497, 498, 554, 560, 561, 569, 570, 582, 583, 584, 587, 588, 603, 604, 637, 693, 696, 703, 706, 707, 758, 764, 765, 773, 776, 785, 788, 789, 804, 805, 911, 912, 919, 920, 926, 931, 960, 961, 969, 971, 975, 983, 985, 988, 989, 997, 999, 1010, 1011, 1022, 1028, 1114, 1117, 1127, 1128, 1191, 1197, 1200, 1201, 1211, 1214, 1225, 1245, 1246, 1257, 1260, 1262, 1263, 1271, 1272, 1278, 1283, 1319, 1322, 1335, 1338, 1344], "summary": {"covered_lines": 201, "num_statements": 447, "percent_covered": 44.966442953020135, "percent_covered_display": "44.97", "missing_lines": 246, "excluded_lines": 0}, "missing_lines": [169, 171, 172, 174, 175, 182, 183, 184, 193, 194, 195, 198, 199, 201, 202, 203, 205, 214, 216, 219, 222, 234, 235, 240, 241, 244, 252, 255, 264, 266, 269, 270, 282, 283, 288, 289, 290, 313, 315, 318, 319, 335, 342, 357, 359, 361, 362, 363, 364, 365, 367, 370, 389, 390, 391, 393, 394, 400, 406, 415, 416, 418, 465, 472, 481, 499, 501, 503, 504, 511, 512, 513, 516, 517, 518, 520, 521, 522, 530, 531, 539, 540, 541, 546, 547, 548, 563, 589, 591, 592, 598, 609, 612, 613, 619, 621, 622, 629, 630, 636, 648, 651, 657, 659, 662, 668, 670, 676, 677, 678, 687, 708, 710, 711, 717, 718, 719, 721, 722, 727, 728, 729, 737, 738, 743, 744, 745, 750, 751, 752, 767, 790, 792, 793, 799, 810, 813, 814, 820, 821, 822, 827, 831, 832, 834, 835, 841, 843, 844, 852, 853, 859, 860, 863, 864, 865, 867, 875, 878, 879, 880, 883, 891, 893, 896, 905, 932, 934, 935, 941, 944, 945, 947, 976, 978, 979, 980, 1029, 1031, 1032, 1037, 1043, 1044, 1045, 1047, 1048, 1054, 1055, 1056, 1059, 1060, 1063, 1064, 1066, 1074, 1077, 1080, 1088, 1090, 1092, 1099, 1108, 1129, 1131, 1133, 1134, 1136, 1137, 1139, 1148, 1151, 1158, 1160, 1163, 1164, 1176, 1177, 1182, 1183, 1186, 1226, 1229, 1242, 1264, 1265, 1284, 1286, 1287, 1293, 1294, 1297, 1303, 1305, 1307, 1313, 1345, 1348, 1349, 1351, 1352, 1353, 1356, 1366, 1368, 1370, 1376], "excluded_lines": []}}}, "app/core/challenge_storage.py": {"executed_lines": [1, 3, 5, 8, 11, 13, 16, 33, 34, 37, 40, 42, 43, 44, 45, 47, 50, 67, 68, 70, 72, 73, 74, 75, 77, 78, 79, 82, 83, 84, 86, 87, 89, 90, 93, 108, 109, 111, 112, 113, 114, 115, 116, 117, 118], "summary": {"covered_lines": 44, "num_statements": 46, "percent_covered": 95.65217391304348, "percent_covered_display": "95.65", "missing_lines": 2, "excluded_lines": 0}, "missing_lines": [119, 120], "excluded_lines": [], "functions": {"_generate_challenge_id": {"executed_lines": [13], "summary": {"covered_lines": 1, "num_statements": 1, "percent_covered": 100.0, "percent_covered_display": "100.00", "missing_lines": 0, "excluded_lines": 0}, "missing_lines": [], "excluded_lines": []}, "store_challenge": {"executed_lines": [33, 34, 37, 40, 42, 43, 44, 45, 47], "summary": {"covered_lines": 9, "num_statements": 9, "percent_covered": 100.0, "percent_covered_display": "100.00", "missing_lines": 0, "excluded_lines": 0}, "missing_lines": [], "excluded_lines": []}, "retrieve_and_delete_challenge": {"executed_lines": [67, 68, 70, 72, 73, 74, 75, 77, 78, 79, 82, 83, 84, 86, 87, 89, 90], "summary": {"covered_lines": 17, "num_statements": 17, "percent_covered": 100.0, "percent_covered_display": "100.00", "missing_lines": 0, "excluded_lines": 0}, "missing_lines": [], "excluded_lines": []}, "cleanup_expired_challenges": {"executed_lines": [108, 109, 111, 112, 113, 114, 115, 116, 117, 118], "summary": {"covered_lines": 10, "num_statements": 12, "percent_covered": 83.33333333333333, "percent_covered_display": "83.33", "missing_lines": 2, "excluded_lines": 0}, "missing_lines": [119, 120], "excluded_lines": []}, "": {"executed_lines": [1, 3, 5, 8, 11, 16, 50, 93], "summary": {"covered_lines": 7, "num_statements": 7, "percent_covered": 100.0, "percent_covered_display": "100.00", "missing_lines": 0, "excluded_lines": 0}, "missing_lines": [], "excluded_lines": []}}, "classes": {"": {"executed_lines": [1, 3, 5, 8, 11, 13, 16, 33, 34, 37, 40, 42, 43, 44, 45, 47, 50, 67, 68, 70, 72, 73, 74, 75, 77, 78, 79, 82, 83, 84, 86, 87, 89, 90, 93, 108, 109, 111, 112, 113, 114, 115, 116, 117, 118], "summary": {"covered_lines": 44, "num_statements": 46, "percent_covered": 95.65217391304348, "percent_covered_display": "95.65", "missing_lines": 2, "excluded_lines": 0}, "missing_lines": [119, 120], "excluded_lines": []}}}, "app/core/cleanup.py": {"executed_lines": [1, 3, 4, 5, 7, 8, 10, 13, 14, 15, 17, 20, 32, 33, 36, 39, 44, 45, 47, 49, 51, 58, 61, 70, 72, 74, 75, 77, 79, 81, 84, 109, 185, 186, 187, 189], "summary": {"covered_lines": 30, "num_statements": 45, "percent_covered": 66.66666666666667, "percent_covered_display": "66.67", "missing_lines": 15, "excluded_lines": 2}, "missing_lines": [90, 93, 94, 95, 96, 98, 104, 105, 106, 118, 119, 120, 121, 122, 125], "excluded_lines": [10, 11], "functions": {"cleanup_expired_sessions": {"executed_lines": [32, 33, 36, 39, 44, 45, 47, 49, 51, 58], "summary": {"covered_lines": 10, "num_statements": 10, "percent_covered": 100.0, "percent_covered_display": "100.00", "missing_lines": 0, "excluded_lines": 0}, "missing_lines": [], "excluded_lines": []}, "cleanup_expired_magic_links": {"executed_lines": [70, 72, 74, 75, 77, 79, 81], "summary": {"covered_lines": 7, "num_statements": 7, "percent_covered": 100.0, "percent_covered_display": "100.00", "missing_lines": 0, "excluded_lines": 0}, "missing_lines": [], "excluded_lines": []}, "run_cleanup_job": {"executed_lines": [], "summary": {"covered_lines": 0, "num_statements": 9, "percent_covered": 0.0, "percent_covered_display": "0.00", "missing_lines": 9, "excluded_lines": 0}, "missing_lines": [90, 93, 94, 95, 96, 98, 104, 105, 106], "excluded_lines": []}, "schedule_cleanup_job": {"executed_lines": [], "summary": {"covered_lines": 0, "num_statements": 6, "percent_covered": 0.0, "percent_covered_display": "0.00", "missing_lines": 6, "excluded_lines": 0}, "missing_lines": [118, 119, 120, 121, 122, 125], "excluded_lines": []}, "": {"executed_lines": [1, 3, 4, 5, 7, 8, 10, 13, 14, 15, 17, 20, 61, 84, 109], "summary": {"covered_lines": 13, "num_statements": 13, "percent_covered": 100.0, "percent_covered_display": "100.00", "missing_lines": 0, "excluded_lines": 2}, "missing_lines": [], "excluded_lines": [10, 11]}}, "classes": {"": {"executed_lines": [1, 3, 4, 5, 7, 8, 10, 13, 14, 15, 17, 20, 32, 33, 36, 39, 44, 45, 47, 49, 51, 58, 61, 70, 72, 74, 75, 77, 79, 81, 84, 109], "summary": {"covered_lines": 30, "num_statements": 45, "percent_covered": 66.66666666666667, "percent_covered_display": "66.67", "missing_lines": 15, "excluded_lines": 2}, "missing_lines": [90, 93, 94, 95, 96, 98, 104, 105, 106, 118, 119, 120, 121, 122, 125], "excluded_lines": [10, 11]}}}, "app/core/email.py": {"executed_lines": [1, 2, 4, 6, 7, 8, 9, 10, 11, 14, 15, 16, 17, 18, 19, 21], "summary": {"covered_lines": 16, "num_statements": 16, "percent_covered": 100.0, "percent_covered_display": "100.00", "missing_lines": 0, "excluded_lines": 0}, "missing_lines": [], "excluded_lines": [], "functions": {"send_email": {"executed_lines": [15, 16, 17, 18, 19, 21], "summary": {"covered_lines": 6, "num_statements": 6, "percent_covered": 100.0, "percent_covered_display": "100.00", "missing_lines": 0, "excluded_lines": 0}, "missing_lines": [], "excluded_lines": []}, "": {"executed_lines": [1, 2, 4, 6, 7, 8, 9, 10, 11, 14], "summary": {"covered_lines": 10, "num_statements": 10, "percent_covered": 100.0, "percent_covered_display": "100.00", "missing_lines": 0, "excluded_lines": 0}, "missing_lines": [], "excluded_lines": []}}, "classes": {"": {"executed_lines": [1, 2, 4, 6, 7, 8, 9, 10, 11, 14, 15, 16, 17, 18, 19, 21], "summary": {"covered_lines": 16, "num_statements": 16, "percent_covered": 100.0, "percent_covered_display": "100.00", "missing_lines": 0, "excluded_lines": 0}, "missing_lines": [], "excluded_lines": []}}}, "app/core/rate_limiter.py": {"executed_lines": [1, 12, 13, 14, 15, 17, 18, 21, 22, 23, 25, 26, 27, 30, 31, 32, 34, 35, 36, 37, 40, 41, 43, 44, 46, 63, 64, 72, 95, 99, 100, 103, 104, 109, 112, 113, 115, 116, 117, 118, 120, 127, 145, 147, 148, 149, 150, 153, 154, 156, 158, 160, 161, 164, 165, 166], "summary": {"covered_lines": 52, "num_statements": 57, "percent_covered": 91.2280701754386, "percent_covered_display": "91.23", "missing_lines": 5, "excluded_lines": 0}, "missing_lines": [101, 102, 105, 106, 167], "excluded_lines": [], "functions": {"RateLimiter.__init__": {"executed_lines": [44], "summary": {"covered_lines": 1, "num_statements": 1, "percent_covered": 100.0, "percent_covered_display": "100.00", "missing_lines": 0, "excluded_lines": 0}, "missing_lines": [], "excluded_lines": []}, "RateLimiter.check_rate_limit": {"executed_lines": [63, 64, 72, 95, 99, 100, 103, 104, 109, 112, 113, 115, 116, 117, 118, 120], "summary": {"covered_lines": 16, "num_statements": 20, "percent_covered": 80.0, "percent_covered_display": "80.00", "missing_lines": 4, "excluded_lines": 0}, "missing_lines": [101, 102, 105, 106], "excluded_lines": []}, "RateLimiter.get_identifier": {"executed_lines": [145, 147, 148, 149, 150, 153, 154, 156, 158, 160, 161, 164, 165, 166], "summary": {"covered_lines": 14, "num_statements": 15, "percent_covered": 93.33333333333333, "percent_covered_display": "93.33", "missing_lines": 1, "excluded_lines": 0}, "missing_lines": [167], "excluded_lines": []}, "": {"executed_lines": [1, 12, 13, 14, 15, 17, 18, 21, 22, 23, 25, 26, 27, 30, 31, 32, 34, 35, 36, 37, 40, 41, 43, 46, 127], "summary": {"covered_lines": 21, "num_statements": 21, "percent_covered": 100.0, "percent_covered_display": "100.00", "missing_lines": 0, "excluded_lines": 0}, "missing_lines": [], "excluded_lines": []}}, "classes": {"RateLimit": {"executed_lines": [], "summary": {"covered_lines": 0, "num_statements": 0, "percent_covered": 100.0, "percent_covered_display": "100.00", "missing_lines": 0, "excluded_lines": 0}, "missing_lines": [], "excluded_lines": []}, "RateLimitResult": {"executed_lines": [], "summary": {"covered_lines": 0, "num_statements": 0, "percent_covered": 100.0, "percent_covered_display": "100.00", "missing_lines": 0, "excluded_lines": 0}, "missing_lines": [], "excluded_lines": []}, "RateLimiter": {"executed_lines": [44, 63, 64, 72, 95, 99, 100, 103, 104, 109, 112, 113, 115, 116, 117, 118, 120, 145, 147, 148, 149, 150, 153, 154, 156, 158, 160, 161, 164, 165, 166], "summary": {"covered_lines": 31, "num_statements": 36, "percent_covered": 86.11111111111111, "percent_covered_display": "86.11", "missing_lines": 5, "excluded_lines": 0}, "missing_lines": [101, 102, 105, 106, 167], "excluded_lines": []}, "": {"executed_lines": [1, 12, 13, 14, 15, 17, 18, 21, 22, 23, 25, 26, 27, 30, 31, 32, 34, 35, 36, 37, 40, 41, 43, 46, 127], "summary": {"covered_lines": 21, "num_statements": 21, "percent_covered": 100.0, "percent_covered_display": "100.00", "missing_lines": 0, "excluded_lines": 0}, "missing_lines": [], "excluded_lines": []}}}, "app/core/redis_client.py": {"executed_lines": [1, 3, 5, 7, 10, 22, 23, 24, 25, 33, 37, 40, 43, 45, 46, 47], "summary": {"covered_lines": 15, "num_statements": 19, "percent_covered": 78.94736842105263, "percent_covered_display": "78.95", "missing_lines": 4, "excluded_lines": 0}, "missing_lines": [34, 35, 48, 49], "excluded_lines": [], "functions": {"get_redis": {"executed_lines": [22, 23, 24, 25, 33, 37], "summary": {"covered_lines": 6, "num_statements": 8, "percent_covered": 75.0, "percent_covered_display": "75.00", "missing_lines": 2, "excluded_lines": 0}, "missing_lines": [34, 35], "excluded_lines": []}, "close_redis": {"executed_lines": [43, 45, 46, 47], "summary": {"covered_lines": 4, "num_statements": 6, "percent_covered": 66.66666666666667, "percent_covered_display": "66.67", "missing_lines": 2, "excluded_lines": 0}, "missing_lines": [48, 49], "excluded_lines": []}, "": {"executed_lines": [1, 3, 5, 7, 10, 40], "summary": {"covered_lines": 5, "num_statements": 5, "percent_covered": 100.0, "percent_covered_display": "100.00", "missing_lines": 0, "excluded_lines": 0}, "missing_lines": [], "excluded_lines": []}}, "classes": {"": {"executed_lines": [1, 3, 5, 7, 10, 22, 23, 24, 25, 33, 37, 40, 43, 45, 46, 47], "summary": {"covered_lines": 15, "num_statements": 19, "percent_covered": 78.94736842105263, "percent_covered_display": "78.95", "missing_lines": 4, "excluded_lines": 0}, "missing_lines": [34, 35, 48, 49], "excluded_lines": []}}}, "app/core/security.py": {"executed_lines": [1, 2, 3, 4, 6, 9, 11, 14, 16, 19, 21, 24, 26, 29, 31, 35, 36, 37, 40, 55, 56, 58, 60, 61, 63, 65, 66, 71, 74, 89, 90, 93, 96, 97, 100, 102, 103, 104, 109, 111, 113, 116, 126, 127], "summary": {"covered_lines": 44, "num_statements": 45, "percent_covered": 97.77777777777777, "percent_covered_display": "97.78", "missing_lines": 1, "excluded_lines": 0}, "missing_lines": [69], "excluded_lines": [], "functions": {"create_session_token": {"executed_lines": [11], "summary": {"covered_lines": 1, "num_statements": 1, "percent_covered": 100.0, "percent_covered_display": "100.00", "missing_lines": 0, "excluded_lines": 0}, "missing_lines": [], "excluded_lines": []}, "hash_token": {"executed_lines": [16], "summary": {"covered_lines": 1, "num_statements": 1, "percent_covered": 100.0, "percent_covered_display": "100.00", "missing_lines": 0, "excluded_lines": 0}, "missing_lines": [], "excluded_lines": []}, "verify_token_hash": {"executed_lines": [21], "summary": {"covered_lines": 1, "num_statements": 1, "percent_covered": 100.0, "percent_covered_display": "100.00", "missing_lines": 0, "excluded_lines": 0}, "missing_lines": [], "excluded_lines": []}, "create_magic_link_token": {"executed_lines": [26], "summary": {"covered_lines": 1, "num_statements": 1, "percent_covered": 100.0, "percent_covered_display": "100.00", "missing_lines": 0, "excluded_lines": 0}, "missing_lines": [], "excluded_lines": []}, "hash_magic_link_token": {"executed_lines": [31], "summary": {"covered_lines": 1, "num_statements": 1, "percent_covered": 100.0, "percent_covered_display": "100.00", "missing_lines": 0, "excluded_lines": 0}, "missing_lines": [], "excluded_lines": []}, "check_account_lockout": {"executed_lines": [55, 56, 58, 60, 61, 63, 65, 66, 71], "summary": {"covered_lines": 9, "num_statements": 10, "percent_covered": 90.0, "percent_covered_display": "90.00", "missing_lines": 1, "excluded_lines": 0}, "missing_lines": [69], "excluded_lines": []}, "record_failed_login": {"executed_lines": [89, 90, 93, 96, 97, 100, 102, 103, 104, 109, 111, 113], "summary": {"covered_lines": 12, "num_statements": 12, "percent_covered": 100.0, "percent_covered_display": "100.00", "missing_lines": 0, "excluded_lines": 0}, "missing_lines": [], "excluded_lines": []}, "reset_failed_login_attempts": {"executed_lines": [126, 127], "summary": {"covered_lines": 2, "num_statements": 2, "percent_covered": 100.0, "percent_covered_display": "100.00", "missing_lines": 0, "excluded_lines": 0}, "missing_lines": [], "excluded_lines": []}, "": {"executed_lines": [1, 2, 3, 4, 6, 9, 14, 19, 24, 29, 35, 36, 37, 40, 74, 116], "summary": {"covered_lines": 16, "num_statements": 16, "percent_covered": 100.0, "percent_covered_display": "100.00", "missing_lines": 0, "excluded_lines": 0}, "missing_lines": [], "excluded_lines": []}}, "classes": {"": {"executed_lines": [1, 2, 3, 4, 6, 9, 11, 14, 16, 19, 21, 24, 26, 29, 31, 35, 36, 37, 40, 55, 56, 58, 60, 61, 63, 65, 66, 71, 74, 89, 90, 93, 96, 97, 100, 102, 103, 104, 109, 111, 113, 116, 126, 127], "summary": {"covered_lines": 44, "num_statements": 45, "percent_covered": 97.77777777777777, "percent_covered_display": "97.78", "missing_lines": 1, "excluded_lines": 0}, "missing_lines": [69], "excluded_lines": []}}}, "app/core/session_rotation.py": {"executed_lines": [1, 3, 4, 6, 7, 9, 10, 11, 13, 16, 19, 30, 31, 34, 35, 37, 40, 63, 66, 67, 70, 71, 79, 82, 91, 92, 94, 97, 115, 117, 119, 121, 124, 127, 142, 144, 148, 149, 151, 152, 153, 155, 157, 158, 160, 185, 186, 187, 189, 1971, 1981, 1983, 1990], "summary": {"covered_lines": 44, "num_statements": 44, "percent_covered": 100.0, "percent_covered_display": "100.00", "missing_lines": 0, "excluded_lines": 0}, "missing_lines": [], "excluded_lines": [], "functions": {"should_rotate_session": {"executed_lines": [30, 31, 34, 35, 37], "summary": {"covered_lines": 5, "num_statements": 5, "percent_covered": 100.0, "percent_covered_display": "100.00", "missing_lines": 0, "excluded_lines": 0}, "missing_lines": [], "excluded_lines": []}, "rotate_session": {"executed_lines": [63, 66, 67, 70, 71, 79, 82, 91, 92, 94], "summary": {"covered_lines": 10, "num_statements": 10, "percent_covered": 100.0, "percent_covered_display": "100.00", "missing_lines": 0, "excluded_lines": 0}, "missing_lines": [], "excluded_lines": []}, "check_and_rotate_if_needed": {"executed_lines": [115, 117, 119, 121, 124], "summary": {"covered_lines": 5, "num_statements": 5, "percent_covered": 100.0, "percent_covered_display": "100.00", "missing_lines": 0, "excluded_lines": 0}, "missing_lines": [], "excluded_lines": []}, "cleanup_rotated_sessions": {"executed_lines": [142, 144, 148, 149, 151, 152, 153, 155, 157, 158, 160], "summary": {"covered_lines": 11, "num_statements": 11, "percent_covered": 100.0, "percent_covered_display": "100.00", "missing_lines": 0, "excluded_lines": 0}, "missing_lines": [], "excluded_lines": []}, "": {"executed_lines": [1, 3, 4, 6, 7, 9, 10, 11, 13, 16, 19, 40, 97, 127], "summary": {"covered_lines": 13, "num_statements": 13, "percent_covered": 100.0, "percent_covered_display": "100.00", "missing_lines": 0, "excluded_lines": 0}, "missing_lines": [], "excluded_lines": []}}, "classes": {"": {"executed_lines": [1, 3, 4, 6, 7, 9, 10, 11, 13, 16, 19, 30, 31, 34, 35, 37, 40, 63, 66, 67, 70, 71, 79, 82, 91, 92, 94, 97, 115, 117, 119, 121, 124, 127, 142, 144, 148, 149, 151, 152, 153, 155, 157, 158, 160], "summary": {"covered_lines": 44, "num_statements": 44, "percent_covered": 100.0, "percent_covered_display": "100.00", "missing_lines": 0, "excluded_lines": 0}, "missing_lines": [], "excluded_lines": []}}}, "app/core/webauthn.py": {"executed_lines": [1, 2, 4, 10, 11, 24, 25, 27, 28, 29, 30, 32, 42, 45, 46, 47, 48, 61, 79, 81, 88, 89, 90, 91, 104, 111, 113, 146, 176, 178, 180, 181, 182, 184], "summary": {"covered_lines": 33, "num_statements": 43, "percent_covered": 76.74418604651163, "percent_covered_display": "76.74", "missing_lines": 10, "excluded_lines": 0}, "missing_lines": [123, 127, 134, 143, 144, 157, 158, 167, 172, 173], "excluded_lines": [], "functions": {"WebAuthnManager.__init__": {"executed_lines": [28, 29, 30], "summary": {"covered_lines": 3, "num_statements": 3, "percent_covered": 100.0, "percent_covered_display": "100.00", "missing_lines": 0, "excluded_lines": 0}, "missing_lines": [], "excluded_lines": []}, "WebAuthnManager.generate_registration_options": {"executed_lines": [42, 45, 46, 47, 48, 61, 79], "summary": {"covered_lines": 7, "num_statements": 7, "percent_covered": 100.0, "percent_covered_display": "100.00", "missing_lines": 0, "excluded_lines": 0}, "missing_lines": [], "excluded_lines": []}, "WebAuthnManager.generate_authentication_options": {"executed_lines": [88, 89, 90, 91, 104, 111], "summary": {"covered_lines": 6, "num_statements": 6, "percent_covered": 100.0, "percent_covered_display": "100.00", "missing_lines": 0, "excluded_lines": 0}, "missing_lines": [], "excluded_lines": []}, "WebAuthnManager.verify_registration_response": {"executed_lines": [], "summary": {"covered_lines": 0, "num_statements": 5, "percent_covered": 0.0, "percent_covered_display": "0.00", "missing_lines": 5, "excluded_lines": 0}, "missing_lines": [123, 127, 134, 143, 144], "excluded_lines": []}, "WebAuthnManager.verify_authentication_response": {"executed_lines": [], "summary": {"covered_lines": 0, "num_statements": 5, "percent_covered": 0.0, "percent_covered_display": "0.00", "missing_lines": 5, "excluded_lines": 0}, "missing_lines": [157, 158, 167, 172, 173], "excluded_lines": []}, "get_webauthn_manager": {"executed_lines": [178, 180, 181, 182, 184], "summary": {"covered_lines": 5, "num_statements": 5, "percent_covered": 100.0, "percent_covered_display": "100.00", "missing_lines": 0, "excluded_lines": 0}, "missing_lines": [], "excluded_lines": []}, "": {"executed_lines": [1, 2, 4, 10, 11, 24, 25, 27, 32, 81, 113, 146, 176], "summary": {"covered_lines": 12, "num_statements": 12, "percent_covered": 100.0, "percent_covered_display": "100.00", "missing_lines": 0, "excluded_lines": 0}, "missing_lines": [], "excluded_lines": []}}, "classes": {"WebAuthnManager": {"executed_lines": [28, 29, 30, 42, 45, 46, 47, 48, 61, 79, 88, 89, 90, 91, 104, 111], "summary": {"covered_lines": 16, "num_statements": 26, "percent_covered": 61.53846153846154, "percent_covered_display": "61.54", "missing_lines": 10, "excluded_lines": 0}, "missing_lines": [123, 127, 134, 143, 144, 157, 158, 167, 172, 173], "excluded_lines": []}, "": {"executed_lines": [1, 2, 4, 10, 11, 24, 25, 27, 32, 81, 113, 146, 176, 178, 180, 181, 182, 184], "summary": {"covered_lines": 17, "num_statements": 17, "percent_covered": 100.0, "percent_covered_display": "100.00", "missing_lines": 0, "excluded_lines": 0}, "missing_lines": [], "excluded_lines": []}}}, "app/db/base.py": {"executed_lines": [1, 2, 4, 12, 15, 16], "summary": {"covered_lines": 6, "num_statements": 6, "percent_covered": 100.0, "percent_covered_display": "100.00", "missing_lines": 0, "excluded_lines": 0}, "missing_lines": [], "excluded_lines": [], "functions": {"": {"executed_lines": [1, 2, 4, 12, 15, 16], "summary": {"covered_lines": 6, "num_statements": 6, "percent_covered": 100.0, "percent_covered_display": "100.00", "missing_lines": 0, "excluded_lines": 0}, "missing_lines": [], "excluded_lines": []}}, "classes": {"Base": {"executed_lines": [], "summary": {"covered_lines": 0, "num_statements": 0, "percent_covered": 100.0, "percent_covered_display": "100.00", "missing_lines": 0, "excluded_lines": 0}, "missing_lines": [], "excluded_lines": []}, "": {"executed_lines": [1, 2, 4, 12, 15, 16], "summary": {"covered_lines": 6, "num_statements": 6, "percent_covered": 100.0, "percent_covered_display": "100.00", "missing_lines": 0, "excluded_lines": 0}, "missing_lines": [], "excluded_lines": []}}}, "app/db/database.py": {"executed_lines": [1, 2, 4, 7, 8, 11, 14, 15, 16, 23, 31, 32, 34, 35, 37, 40, 43, 48, 51, 58, 60, 61, 62, 64, 67, 69, 71, 72, 75, 77, 103], "summary": {"covered_lines": 29, "num_statements": 34, "percent_covered": 85.29411764705883, "percent_covered_display": "85.29", "missing_lines": 5, "excluded_lines": 0}, "missing_lines": [19, 20, 38, 41, 44], "excluded_lines": [], "functions": {"_EngineWrapper.__init__": {"executed_lines": [35], "summary": {"covered_lines": 1, "num_statements": 1, "percent_covered": 100.0, "percent_covered_display": "100.00", "missing_lines": 0, "excluded_lines": 0}, "missing_lines": [], "excluded_lines": []}, "_EngineWrapper.dispose": {"executed_lines": [], "summary": {"covered_lines": 0, "num_statements": 1, "percent_covered": 0.0, "percent_covered_display": "0.00", "missing_lines": 1, "excluded_lines": 0}, "missing_lines": [38], "excluded_lines": []}, "_EngineWrapper.begin": {"executed_lines": [], "summary": {"covered_lines": 0, "num_statements": 1, "percent_covered": 0.0, "percent_covered_display": "0.00", "missing_lines": 1, "excluded_lines": 0}, "missing_lines": [41], "excluded_lines": []}, "_EngineWrapper.__getattr__": {"executed_lines": [], "summary": {"covered_lines": 0, "num_statements": 1, "percent_covered": 0.0, "percent_covered_display": "0.00", "missing_lines": 1, "excluded_lines": 0}, "missing_lines": [44], "excluded_lines": []}, "get_db": {"executed_lines": [60, 61, 62, 64], "summary": {"covered_lines": 4, "num_statements": 4, "percent_covered": 100.0, "percent_covered_display": "100.00", "missing_lines": 0, "excluded_lines": 0}, "missing_lines": [], "excluded_lines": []}, "init_db": {"executed_lines": [69, 71, 72], "summary": {"covered_lines": 3, "num_statements": 3, "percent_covered": 100.0, "percent_covered_display": "100.00", "missing_lines": 0, "excluded_lines": 0}, "missing_lines": [], "excluded_lines": []}, "close_db": {"executed_lines": [77], "summary": {"covered_lines": 1, "num_statements": 1, "percent_covered": 100.0, "percent_covered_display": "100.00", "missing_lines": 0, "excluded_lines": 0}, "missing_lines": [], "excluded_lines": []}, "": {"executed_lines": [1, 2, 4, 7, 8, 11, 14, 15, 16, 23, 31, 32, 34, 37, 40, 43, 48, 51, 58, 67, 75], "summary": {"covered_lines": 20, "num_statements": 22, "percent_covered": 90.9090909090909, "percent_covered_display": "90.91", "missing_lines": 2, "excluded_lines": 0}, "missing_lines": [19, 20], "excluded_lines": []}}, "classes": {"_EngineWrapper": {"executed_lines": [35], "summary": {"covered_lines": 1, "num_statements": 4, "percent_covered": 25.0, "percent_covered_display": "25.00", "missing_lines": 3, "excluded_lines": 0}, "missing_lines": [38, 41, 44], "excluded_lines": []}, "": {"executed_lines": [1, 2, 4, 7, 8, 11, 14, 15, 16, 23, 31, 32, 34, 37, 40, 43, 48, 51, 58, 60, 61, 62, 64, 67, 69, 71, 72, 75, 77], "summary": {"covered_lines": 28, "num_statements": 30, "percent_covered": 93.33333333333333, "percent_covered_display": "93.33", "missing_lines": 2, "excluded_lines": 0}, "missing_lines": [19, 20], "excluded_lines": []}}}, "app/db/models/auth.py": {"executed_lines": [1, 2, 4, 15, 16, 18, 22, 23, 25, 26, 29, 32, 35, 38, 44, 46, 49, 52, 56, 60, 61, 63, 64, 68, 71, 74, 77, 78, 80, 81, 83, 85, 89, 90, 92, 93, 97, 100, 101, 105, 106, 107, 108, 110, 113, 120, 122, 131, 132, 134, 135, 139, 142, 146, 147, 148, 150, 157, 158, 166, 168, 169, 173, 176, 179, 182, 185, 190, 191, 192, 194, 196], "summary": {"covered_lines": 71, "num_statements": 71, "percent_covered": 100.0, "percent_covered_display": "100.00", "missing_lines": 0, "excluded_lines": 0}, "missing_lines": [], "excluded_lines": [], "functions": {"": {"executed_lines": [1, 2, 4, 15, 16, 18, 22, 23, 25, 26, 29, 32, 35, 38, 44, 46, 49, 52, 56, 60, 61, 63, 64, 68, 71, 74, 77, 78, 80, 81, 83, 85, 89, 90, 92, 93, 97, 100, 101, 105, 106, 107, 108, 110, 113, 120, 122, 131, 132, 134, 135, 139, 142, 146, 147, 148, 150, 157, 158, 166, 168, 169, 173, 176, 179, 182, 185, 190, 191, 192, 194, 196], "summary": {"covered_lines": 71, "num_statements": 71, "percent_covered": 100.0, "percent_covered_display": "100.00", "missing_lines": 0, "excluded_lines": 0}, "missing_lines": [], "excluded_lines": []}}, "classes": {"User": {"executed_lines": [], "summary": {"covered_lines": 0, "num_statements": 0, "percent_covered": 100.0, "percent_covered_display": "100.00", "missing_lines": 0, "excluded_lines": 0}, "missing_lines": [], "excluded_lines": []}, "Session": {"executed_lines": [], "summary": {"covered_lines": 0, "num_statements": 0, "percent_covered": 100.0, "percent_covered_display": "100.00", "missing_lines": 0, "excluded_lines": 0}, "missing_lines": [], "excluded_lines": []}, "WebAuthnCredential": {"executed_lines": [], "summary": {"covered_lines": 0, "num_statements": 0, "percent_covered": 100.0, "percent_covered_display": "100.00", "missing_lines": 0, "excluded_lines": 0}, "missing_lines": [], "excluded_lines": []}, "LoginEvent": {"executed_lines": [], "summary": {"covered_lines": 0, "num_statements": 0, "percent_covered": 100.0, "percent_covered_display": "100.00", "missing_lines": 0, "excluded_lines": 0}, "missing_lines": [], "excluded_lines": []}, "MagicLinkToken": {"executed_lines": [], "summary": {"covered_lines": 0, "num_statements": 0, "percent_covered": 100.0, "percent_covered_display": "100.00", "missing_lines": 0, "excluded_lines": 0}, "missing_lines": [], "excluded_lines": []}, "": {"executed_lines": [1, 2, 4, 15, 16, 18, 22, 23, 25, 26, 29, 32, 35, 38, 44, 46, 49, 52, 56, 60, 61, 63, 64, 68, 71, 74, 77, 78, 80, 81, 83, 85, 89, 90, 92, 93, 97, 100, 101, 105, 106, 107, 108, 110, 113, 120, 122, 131, 132, 134, 135, 139, 142, 146, 147, 148, 150, 157, 158, 166, 168, 169, 173, 176, 179, 182, 185, 190, 191, 192, 194, 196], "summary": {"covered_lines": 71, "num_statements": 71, "percent_covered": 100.0, "percent_covered_display": "100.00", "missing_lines": 0, "excluded_lines": 0}, "missing_lines": [], "excluded_lines": []}}}, "app/main.py": {"executed_lines": [1, 3, 4, 5, 7, 8, 9, 10, 11, 12, 13, 14, 15, 19, 22, 25, 26, 77, 85, 87, 90, 94, 95, 106, 108, 111, 112, 114, 123, 126], "summary": {"covered_lines": 30, "num_statements": 62, "percent_covered": 48.38709677419355, "percent_covered_display": "48.39", "missing_lines": 32, "excluded_lines": 0}, "missing_lines": [29, 30, 31, 32, 33, 37, 38, 40, 41, 42, 43, 46, 47, 49, 51, 52, 55, 56, 57, 58, 59, 61, 64, 65, 66, 68, 69, 71, 72, 73, 74, 97], "excluded_lines": [], "functions": {"lifespan": {"executed_lines": [], "summary": {"covered_lines": 0, "num_statements": 31, "percent_covered": 0.0, "percent_covered_display": "0.00", "missing_lines": 31, "excluded_lines": 0}, "missing_lines": [29, 30, 31, 32, 33, 37, 38, 40, 41, 42, 43, 46, 47, 49, 51, 52, 55, 56, 57, 58, 59, 61, 64, 65, 66, 68, 69, 71, 72, 73, 74], "excluded_lines": []}, "api_root": {"executed_lines": [], "summary": {"covered_lines": 0, "num_statements": 1, "percent_covered": 0.0, "percent_covered_display": "0.00", "missing_lines": 1, "excluded_lines": 0}, "missing_lines": [97], "excluded_lines": []}, "": {"executed_lines": [1, 3, 4, 5, 7, 8, 9, 10, 11, 12, 13, 14, 15, 19, 22, 25, 26, 77, 85, 87, 90, 94, 95, 106, 108, 111, 112, 114, 123, 126], "summary": {"covered_lines": 30, "num_statements": 30, "percent_covered": 100.0, "percent_covered_display": "100.00", "missing_lines": 0, "excluded_lines": 0}, "missing_lines": [], "excluded_lines": []}}, "classes": {"": {"executed_lines": [1, 3, 4, 5, 7, 8, 9, 10, 11, 12, 13, 14, 15, 19, 22, 25, 26, 77, 85, 87, 90, 94, 95, 106, 108, 111, 112, 114, 123, 126], "summary": {"covered_lines": 30, "num_statements": 62, "percent_covered": 48.38709677419355, "percent_covered_display": "48.39", "missing_lines": 32, "excluded_lines": 0}, "missing_lines": [29, 30, 31, 32, 33, 37, 38, 40, 41, 42, 43, 46, 47, 49, 51, 52, 55, 56, 57, 58, 59, 61, 64, 65, 66, 68, 69, 71, 72, 73, 74, 97], "excluded_lines": []}}}, "app/middleware/csrf.py": {"executed_lines": [1, 3, 4, 6, 7, 8, 10, 12, 14, 15, 16, 17, 20, 23, 33, 35, 38, 40, 41, 44, 45, 46, 47, 49, 52, 53, 61, 62, 63, 65, 67, 70, 72, 74, 76, 77, 84, 92, 93, 98, 106, 110, 111, 112, 121, 123], "summary": {"covered_lines": 44, "num_statements": 44, "percent_covered": 100.0, "percent_covered_display": "100.00", "missing_lines": 0, "excluded_lines": 0}, "missing_lines": [], "excluded_lines": [], "functions": {"generate_csrf_token": {"executed_lines": [35], "summary": {"covered_lines": 1, "num_statements": 1, "percent_covered": 100.0, "percent_covered_display": "100.00", "missing_lines": 0, "excluded_lines": 0}, "missing_lines": [], "excluded_lines": []}, "should_check_csrf": {"executed_lines": [40, 41, 44, 45, 46, 47, 49], "summary": {"covered_lines": 7, "num_statements": 7, "percent_covered": 100.0, "percent_covered_display": "100.00", "missing_lines": 0, "excluded_lines": 0}, "missing_lines": [], "excluded_lines": []}, "CSRFMiddleware.__init__": {"executed_lines": [62, 63], "summary": {"covered_lines": 2, "num_statements": 2, "percent_covered": 100.0, "percent_covered_display": "100.00", "missing_lines": 0, "excluded_lines": 0}, "missing_lines": [], "excluded_lines": []}, "CSRFMiddleware.dispatch": {"executed_lines": [67, 70, 72, 74, 76, 77, 84, 92, 93, 98, 106, 110, 111, 112, 121, 123], "summary": {"covered_lines": 16, "num_statements": 16, "percent_covered": 100.0, "percent_covered_display": "100.00", "missing_lines": 0, "excluded_lines": 0}, "missing_lines": [], "excluded_lines": []}, "": {"executed_lines": [1, 3, 4, 6, 7, 8, 10, 12, 14, 15, 16, 17, 20, 23, 33, 38, 52, 53, 61, 65], "summary": {"covered_lines": 18, "num_statements": 18, "percent_covered": 100.0, "percent_covered_display": "100.00", "missing_lines": 0, "excluded_lines": 0}, "missing_lines": [], "excluded_lines": []}}, "classes": {"CSRFMiddleware": {"executed_lines": [62, 63, 67, 70, 72, 74, 76, 77, 84, 92, 93, 98, 106, 110, 111, 112, 121, 123], "summary": {"covered_lines": 18, "num_statements": 18, "percent_covered": 100.0, "percent_covered_display": "100.00", "missing_lines": 0, "excluded_lines": 0}, "missing_lines": [], "excluded_lines": []}, "": {"executed_lines": [1, 3, 4, 6, 7, 8, 10, 12, 14, 15, 16, 17, 20, 23, 33, 35, 38, 40, 41, 44, 45, 46, 47, 49, 52, 53, 61, 65], "summary": {"covered_lines": 26, "num_statements": 26, "percent_covered": 100.0, "percent_covered_display": "100.00", "missing_lines": 0, "excluded_lines": 0}, "missing_lines": [], "excluded_lines": []}}}, "app/middleware/rate_limit.py": {"executed_lines": [1, 7, 8, 9, 11, 12, 13, 15, 16, 19, 55, 56, 58, 59, 60, 61, 63, 66, 67, 70, 71, 74, 75, 78, 79, 80, 83, 84, 85, 86, 87, 89, 94, 95, 97, 99, 117, 120, 121, 122, 124], "summary": {"covered_lines": 39, "num_statements": 40, "percent_covered": 97.5, "percent_covered_display": "97.50", "missing_lines": 1, "excluded_lines": 0}, "missing_lines": [91], "excluded_lines": [], "functions": {"RateLimitMiddleware.__init__": {"executed_lines": [59, 60, 61], "summary": {"covered_lines": 3, "num_statements": 3, "percent_covered": 100.0, "percent_covered_display": "100.00", "missing_lines": 0, "excluded_lines": 0}, "missing_lines": [], "excluded_lines": []}, "RateLimitMiddleware.dispatch": {"executed_lines": [66, 67, 70, 71, 74, 75, 78, 79, 80, 83, 84, 85, 86, 87, 89, 94, 95, 97, 99, 117, 120, 121, 122, 124], "summary": {"covered_lines": 24, "num_statements": 25, "percent_covered": 96.0, "percent_covered_display": "96.00", "missing_lines": 1, "excluded_lines": 0}, "missing_lines": [91], "excluded_lines": []}, "": {"executed_lines": [1, 7, 8, 9, 11, 12, 13, 15, 16, 19, 55, 56, 58, 63], "summary": {"covered_lines": 12, "num_statements": 12, "percent_covered": 100.0, "percent_covered_display": "100.00", "missing_lines": 0, "excluded_lines": 0}, "missing_lines": [], "excluded_lines": []}}, "classes": {"RateLimitMiddleware": {"executed_lines": [59, 60, 61, 66, 67, 70, 71, 74, 75, 78, 79, 80, 83, 84, 85, 86, 87, 89, 94, 95, 97, 99, 117, 120, 121, 122, 124], "summary": {"covered_lines": 27, "num_statements": 28, "percent_covered": 96.42857142857143, "percent_covered_display": "96.43", "missing_lines": 1, "excluded_lines": 0}, "missing_lines": [91], "excluded_lines": []}, "": {"executed_lines": [1, 7, 8, 9, 11, 12, 13, 15, 16, 19, 55, 56, 58, 63], "summary": {"covered_lines": 12, "num_statements": 12, "percent_covered": 100.0, "percent_covered_display": "100.00", "missing_lines": 0, "excluded_lines": 0}, "missing_lines": [], "excluded_lines": []}}}, "app/middleware/request_id.py": {"executed_lines": [1, 3, 5, 8, 9, 10, 11, 14, 15, 17, 18, 19], "summary": {"covered_lines": 12, "num_statements": 12, "percent_covered": 100.0, "percent_covered_display": "100.00", "missing_lines": 0, "excluded_lines": 0}, "missing_lines": [], "excluded_lines": [], "functions": {"RequestIDMiddleware.dispatch": {"executed_lines": [10, 11, 14, 15, 17, 18, 19], "summary": {"covered_lines": 7, "num_statements": 7, "percent_covered": 100.0, "percent_covered_display": "100.00", "missing_lines": 0, "excluded_lines": 0}, "missing_lines": [], "excluded_lines": []}, "": {"executed_lines": [1, 3, 5, 8, 9], "summary": {"covered_lines": 5, "num_statements": 5, "percent_covered": 100.0, "percent_covered_display": "100.00", "missing_lines": 0, "excluded_lines": 0}, "missing_lines": [], "excluded_lines": []}}, "classes": {"RequestIDMiddleware": {"executed_lines": [10, 11, 14, 15, 17, 18, 19], "summary": {"covered_lines": 7, "num_statements": 7, "percent_covered": 100.0, "percent_covered_display": "100.00", "missing_lines": 0, "excluded_lines": 0}, "missing_lines": [], "excluded_lines": []}, "": {"executed_lines": [1, 3, 5, 8, 9], "summary": {"covered_lines": 5, "num_statements": 5, "percent_covered": 100.0, "percent_covered_display": "100.00", "missing_lines": 0, "excluded_lines": 0}, "missing_lines": [], "excluded_lines": []}}}, "app/observability/logging.py": {"executed_lines": [1, 2, 3, 5, 6, 7, 10, 11, 13, 14, 22, 23, 24, 25, 28, 31, 32, 35, 36, 37, 40, 41, 42, 43, 45, 63, 64, 65], "summary": {"covered_lines": 28, "num_statements": 34, "percent_covered": 82.3529411764706, "percent_covered_display": "82.35", "missing_lines": 6, "excluded_lines": 0}, "missing_lines": [15, 16, 18, 19, 26, 27], "excluded_lines": [], "functions": {"_json_dumps": {"executed_lines": [14], "summary": {"covered_lines": 1, "num_statements": 1, "percent_covered": 100.0, "percent_covered_display": "100.00", "missing_lines": 0, "excluded_lines": 0}, "missing_lines": [], "excluded_lines": []}, "_add_trace_ids": {"executed_lines": [23, 24, 25, 28], "summary": {"covered_lines": 4, "num_statements": 6, "percent_covered": 66.66666666666667, "percent_covered_display": "66.67", "missing_lines": 2, "excluded_lines": 0}, "missing_lines": [26, 27], "excluded_lines": []}, "_json_renderer": {"executed_lines": [32], "summary": {"covered_lines": 1, "num_statements": 1, "percent_covered": 100.0, "percent_covered_display": "100.00", "missing_lines": 0, "excluded_lines": 0}, "missing_lines": [], "excluded_lines": []}, "configure_logging": {"executed_lines": [36, 37, 40, 41, 42, 43, 45], "summary": {"covered_lines": 7, "num_statements": 7, "percent_covered": 100.0, "percent_covered_display": "100.00", "missing_lines": 0, "excluded_lines": 0}, "missing_lines": [], "excluded_lines": []}, "": {"executed_lines": [1, 2, 3, 5, 6, 7, 10, 11, 13, 22, 31, 35, 63, 64, 65], "summary": {"covered_lines": 15, "num_statements": 19, "percent_covered": 78.94736842105263, "percent_covered_display": "78.95", "missing_lines": 4, "excluded_lines": 0}, "missing_lines": [15, 16, 18, 19], "excluded_lines": []}}, "classes": {"": {"executed_lines": [1, 2, 3, 5, 6, 7, 10, 11, 13, 14, 22, 23, 24, 25, 28, 31, 32, 35, 36, 37, 40, 41, 42, 43, 45, 63, 64, 65], "summary": {"covered_lines": 28, "num_statements": 34, "percent_covered": 82.3529411764706, "percent_covered_display": "82.35", "missing_lines": 6, "excluded_lines": 0}, "missing_lines": [15, 16, 18, 19, 26, 27], "excluded_lines": []}}}, "app/observability/otel.py": {"executed_lines": [1, 3, 4, 5, 6, 7, 8, 9, 10, 13], "summary": {"covered_lines": 10, "num_statements": 20, "percent_covered": 50.0, "percent_covered_display": "50.00", "missing_lines": 10, "excluded_lines": 0}, "missing_lines": [14, 15, 16, 18, 19, 23, 24, 26, 27, 28], "excluded_lines": [], "functions": {"setup_otel": {"executed_lines": [], "summary": {"covered_lines": 0, "num_statements": 10, "percent_covered": 0.0, "percent_covered_display": "0.00", "missing_lines": 10, "excluded_lines": 0}, "missing_lines": [14, 15, 16, 18, 19, 23, 24, 26, 27, 28], "excluded_lines": []}, "": {"executed_lines": [1, 3, 4, 5, 6, 7, 8, 9, 10, 13], "summary": {"covered_lines": 10, "num_statements": 10, "percent_covered": 100.0, "percent_covered_display": "100.00", "missing_lines": 0, "excluded_lines": 0}, "missing_lines": [], "excluded_lines": []}}, "classes": {"": {"executed_lines": [1, 3, 4, 5, 6, 7, 8, 9, 10, 13], "summary": {"covered_lines": 10, "num_statements": 20, "percent_covered": 50.0, "percent_covered_display": "50.00", "missing_lines": 10, "excluded_lines": 0}, "missing_lines": [14, 15, 16, 18, 19, 23, 24, 26, 27, 28], "excluded_lines": []}}}}, "totals": {"covered_lines": 864, "num_statements": 1222, "percent_covered": 70.7037643207856, "percent_covered_display": "70.70", "missing_lines": 358, "excluded_lines": 2}}
