{"meta": {"format": 3, "version": "7.11.0", "timestamp": "2025-11-07T02:37:21.639255", "branch_coverage": false, "show_contexts": false}, "files": {"app/api/deps.py": {"executed_lines": [1, 3, 4, 5, 7, 8, 9, 11, 12, 13, 14, 17, 38, 39, 45, 51, 52, 54, 55, 61, 64, 65, 66, 76, 77, 78, 80, 81, 86, 89, 110, 111, 113, 114, 115, 116], "summary": {"covered_lines": 35, "num_statements": 35, "percent_covered": 100.0, "percent_covered_display": "100.00", "missing_lines": 0, "excluded_lines": 0}, "missing_lines": [], "excluded_lines": [], "functions": {"get_current_session_with_rotation": {"executed_lines": [38, 39, 45, 51, 52, 54, 55, 61, 64, 65, 66, 76, 77, 78, 80, 81, 86], "summary": {"covered_lines": 17, "num_statements": 17, "percent_covered": 100.0, "percent_covered_display": "100.00", "missing_lines": 0, "excluded_lines": 0}, "missing_lines": [], "excluded_lines": []}, "get_optional_session_with_rotation": {"executed_lines": [110, 111, 113, 114, 115, 116], "summary": {"covered_lines": 6, "num_statements": 6, "percent_covered": 100.0, "percent_covered_display": "100.00", "missing_lines": 0, "excluded_lines": 0}, "missing_lines": [], "excluded_lines": []}, "": {"executed_lines": [1, 3, 4, 5, 7, 8, 9, 11, 12, 13, 14, 17, 89], "summary": {"covered_lines": 12, "num_statements": 12, "percent_covered": 100.0, "percent_covered_display": "100.00", "missing_lines": 0, "excluded_lines": 0}, "missing_lines": [], "excluded_lines": []}}, "classes": {"": {"executed_lines": [1, 3, 4, 5, 7, 8, 9, 11, 12, 13, 14, 17, 38, 39, 45, 51, 52, 54, 55, 61, 64, 65, 66, 76, 77, 78, 80, 81, 86, 89, 110, 111, 113, 114, 115, 116], "summary": {"covered_lines": 35, "num_statements": 35, "percent_covered": 100.0, "percent_covered_display": "100.00", "missing_lines": 0, "excluded_lines": 0}, "missing_lines": [], "excluded_lines": []}}}, "app/api/routes/dev.py": {"executed_lines": [1, 3, 5, 8, 9, 10, 11], "summary": {"covered_lines": 7, "num_statements": 7, "percent_covered": 100.0, "percent_covered_display": "100.00", "missing_lines": 0, "excluded_lines": 0}, "missing_lines": [], "excluded_lines": [], "functions": {"debug_mail": {"executed_lines": [10, 11], "summary": {"covered_lines": 2, "num_statements": 2, "percent_covered": 100.0, "percent_covered_display": "100.00", "missing_lines": 0, "excluded_lines": 0}, "missing_lines": [], "excluded_lines": []}, "": {"executed_lines": [1, 3, 5, 8, 9], "summary": {"covered_lines": 5, "num_statements": 5, "percent_covered": 100.0, "percent_covered_display": "100.00", "missing_lines": 0, "excluded_lines": 0}, "missing_lines": [], "excluded_lines": []}}, "classes": {"": {"executed_lines": [1, 3, 5, 8, 9, 10, 11], "summary": {"covered_lines": 7, "num_statements": 7, "percent_covered": 100.0, "percent_covered_display": "100.00", "missing_lines": 0, "excluded_lines": 0}, "missing_lines": [], "excluded_lines": []}}}, "app/api/routes/health.py": {"executed_lines": [1, 3, 6, 7, 8], "summary": {"covered_lines": 5, "num_statements": 5, "percent_covered": 100.0, "percent_covered_display": "100.00", "missing_lines": 0, "excluded_lines": 0}, "missing_lines": [], "excluded_lines": [], "functions": {"healthz": {"executed_lines": [8], "summary": {"covered_lines": 1, "num_statements": 1, "percent_covered": 100.0, "percent_covered_display": "100.00", "missing_lines": 0, "excluded_lines": 0}, "missing_lines": [], "excluded_lines": []}, "": {"executed_lines": [1, 3, 6, 7], "summary": {"covered_lines": 4, "num_statements": 4, "percent_covered": 100.0, "percent_covered_display": "100.00", "missing_lines": 0, "excluded_lines": 0}, "missing_lines": [], "excluded_lines": []}}, "classes": {"": {"executed_lines": [1, 3, 6, 7, 8], "summary": {"covered_lines": 5, "num_statements": 5, "percent_covered": 100.0, "percent_covered_display": "100.00", "missing_lines": 0, "excluded_lines": 0}, "missing_lines": [], "excluded_lines": []}}}, "app/api/v1/admin.py": {"executed_lines": [1, 3, 5, 6, 7, 8, 10, 11, 12, 14, 17, 18, 20, 21, 22, 23, 24, 25, 26, 27, 30, 31, 33, 34, 35, 36, 37, 40, 41, 55, 58, 59, 60, 61, 66, 79, 83, 90, 92, 93, 94, 95, 96, 98, 102, 105, 106, 107, 108, 109, 110, 112, 115, 151, 152, 163, 166, 173, 174], "summary": {"covered_lines": 56, "num_statements": 74, "percent_covered": 75.67567567567568, "percent_covered_display": "75.68", "missing_lines": 18, "excluded_lines": 0}, "missing_lines": [62, 63, 84, 97, 99, 111, 113, 116, 119, 120, 122, 123, 126, 140, 142, 167, 175, 177], "excluded_lines": [], "functions": {"get_audit_events": {"executed_lines": [55, 58, 59, 60, 61, 66, 79, 83, 90, 92, 93, 94, 95, 96, 98, 102, 105, 106, 107, 108, 109, 110, 112, 115], "summary": {"covered_lines": 24, "num_statements": 39, "percent_covered": 61.53846153846154, "percent_covered_display": "61.54", "missing_lines": 15, "excluded_lines": 0}, "missing_lines": [62, 63, 84, 97, 99, 111, 113, 116, 119, 120, 122, 123, 126, 140, 142], "excluded_lines": []}, "get_event_types": {"executed_lines": [163, 166, 173, 174], "summary": {"covered_lines": 4, "num_statements": 7, "percent_covered": 57.142857142857146, "percent_covered_display": "57.14", "missing_lines": 3, "excluded_lines": 0}, "missing_lines": [167, 175, 177], "excluded_lines": []}, "": {"executed_lines": [1, 3, 5, 6, 7, 8, 10, 11, 12, 14, 17, 18, 20, 21, 22, 23, 24, 25, 26, 27, 30, 31, 33, 34, 35, 36, 37, 40, 41, 151, 152], "summary": {"covered_lines": 28, "num_statements": 28, "percent_covered": 100.0, "percent_covered_display": "100.00", "missing_lines": 0, "excluded_lines": 0}, "missing_lines": [], "excluded_lines": []}}, "classes": {"AuditLogEntry": {"executed_lines": [], "summary": {"covered_lines": 0, "num_statements": 0, "percent_covered": 100.0, "percent_covered_display": "100.00", "missing_lines": 0, "excluded_lines": 0}, "missing_lines": [], "excluded_lines": []}, "AuditLogResponse": {"executed_lines": [], "summary": {"covered_lines": 0, "num_statements": 0, "percent_covered": 100.0, "percent_covered_display": "100.00", "missing_lines": 0, "excluded_lines": 0}, "missing_lines": [], "excluded_lines": []}, "": {"executed_lines": [1, 3, 5, 6, 7, 8, 10, 11, 12, 14, 17, 18, 20, 21, 22, 23, 24, 25, 26, 27, 30, 31, 33, 34, 35, 36, 37, 40, 41, 55, 58, 59, 60, 61, 66, 79, 83, 90, 92, 93, 94, 95, 96, 98, 102, 105, 106, 107, 108, 109, 110, 112, 115, 151, 152, 163, 166, 173, 174], "summary": {"covered_lines": 56, "num_statements": 74, "percent_covered": 75.67567567567568, "percent_covered_display": "75.68", "missing_lines": 18, "excluded_lines": 0}, "missing_lines": [62, 63, 84, 97, 99, 111, 113, 116, 119, 120, 122, 123, 126, 140, 142, 167, 175, 177], "excluded_lines": []}}}, "app/api/v1/auth.py": {"executed_lines": [1, 2, 3, 5, 6, 7, 8, 9, 10, 12, 13, 14, 15, 21, 22, 23, 30, 32, 34, 35, 38, 39, 42, 43, 46, 47, 50, 51, 52, 55, 56, 59, 60, 61, 64, 65, 66, 67, 70, 71, 72, 75, 76, 79, 80, 81, 84, 85, 86, 87, 90, 91, 92, 95, 96, 97, 98, 99, 102, 103, 106, 107, 108, 111, 112, 115, 116, 119, 120, 122, 123, 124, 125, 126, 127, 128, 131, 132, 134, 135, 138, 139, 141, 142, 145, 146, 148, 149, 152, 153, 163, 164, 167, 168, 292, 293, 303, 309, 355, 357, 365, 366, 384, 385, 386, 389, 390, 392, 400, 403, 404, 407, 410, 418, 420, 443, 444, 451, 454, 455, 500, 506, 507, 515, 516, 528, 529, 530, 533, 534, 549, 550, 636, 639, 646, 649, 650, 709, 712, 721, 724, 725, 740, 741, 843, 844, 851, 852, 858, 863, 892, 893, 901, 903, 907, 915, 917, 920, 921, 929, 931, 942, 943, 954, 960, 1048, 1051, 1061, 1062, 1125, 1126, 1136, 1139, 1150, 1170, 1171, 1182, 1185, 1187, 1188, 1189, 1190, 1196, 1197, 1203, 1208, 1244, 1247, 1260, 1263, 1269], "summary": {"covered_lines": 187, "num_statements": 407, "percent_covered": 45.945945945945944, "percent_covered_display": "45.95", "missing_lines": 220, "excluded_lines": 0}, "missing_lines": [169, 171, 172, 174, 175, 182, 183, 184, 185, 188, 189, 191, 192, 193, 195, 204, 207, 214, 216, 219, 222, 234, 240, 243, 246, 255, 258, 265, 267, 270, 271, 283, 289, 310, 312, 315, 320, 326, 327, 328, 330, 331, 337, 338, 343, 352, 353, 368, 375, 422, 429, 438, 456, 458, 460, 464, 465, 466, 469, 470, 471, 473, 474, 475, 483, 484, 492, 493, 509, 535, 537, 538, 544, 555, 558, 559, 565, 567, 568, 575, 576, 582, 591, 594, 600, 602, 605, 611, 613, 619, 620, 621, 630, 651, 653, 654, 660, 661, 662, 664, 665, 670, 671, 672, 680, 681, 686, 687, 694, 700, 701, 703, 726, 728, 729, 735, 746, 749, 750, 756, 757, 758, 763, 767, 768, 770, 771, 777, 779, 780, 788, 789, 795, 796, 799, 800, 802, 809, 812, 815, 823, 825, 828, 837, 864, 866, 867, 873, 876, 877, 879, 908, 910, 911, 912, 961, 963, 964, 969, 975, 976, 977, 979, 980, 986, 987, 988, 991, 992, 997, 998, 1000, 1008, 1011, 1014, 1022, 1024, 1026, 1033, 1042, 1063, 1065, 1067, 1068, 1070, 1071, 1073, 1082, 1085, 1092, 1094, 1097, 1098, 1110, 1116, 1122, 1151, 1154, 1167, 1209, 1211, 1212, 1218, 1219, 1222, 1228, 1230, 1232, 1238, 1270, 1273, 1274, 1276, 1277, 1278, 1281, 1291, 1293, 1295, 1301], "excluded_lines": [], "functions": {"start_magic_link_login": {"executed_lines": [163, 164, 167, 168], "summary": {"covered_lines": 4, "num_statements": 37, "percent_covered": 10.81081081081081, "percent_covered_display": "10.81", "missing_lines": 33, "excluded_lines": 0}, "missing_lines": [169, 171, 172, 174, 175, 182, 183, 184, 185, 188, 189, 191, 192, 193, 195, 204, 207, 214, 216, 219, 222, 234, 240, 243, 246, 255, 258, 265, 267, 270, 271, 283, 289], "excluded_lines": []}, "verify_magic_link": {"executed_lines": [303, 309, 355, 357, 365, 366, 384, 385, 386, 389, 390, 392, 400, 403, 404, 407, 410, 418, 420], "summary": {"covered_lines": 19, "num_statements": 38, "percent_covered": 50.0, "percent_covered_display": "50.00", "missing_lines": 19, "excluded_lines": 0}, "missing_lines": [310, 312, 315, 320, 326, 327, 328, 330, 331, 337, 338, 343, 352, 353, 368, 375, 422, 429, 438], "excluded_lines": []}, "start_webauthn_registration": {"executed_lines": [451, 454, 455, 500, 506, 507], "summary": {"covered_lines": 6, "num_statements": 23, "percent_covered": 26.08695652173913, "percent_covered_display": "26.09", "missing_lines": 17, "excluded_lines": 0}, "missing_lines": [456, 458, 460, 464, 465, 466, 469, 470, 471, 473, 474, 475, 483, 484, 492, 493, 509], "excluded_lines": []}, "finish_webauthn_registration": {"executed_lines": [528, 529, 530, 533, 534, 549, 550], "summary": {"covered_lines": 7, "num_statements": 31, "percent_covered": 22.580645161290324, "percent_covered_display": "22.58", "missing_lines": 24, "excluded_lines": 0}, "missing_lines": [535, 537, 538, 544, 555, 558, 559, 565, 567, 568, 575, 576, 582, 591, 594, 600, 602, 605, 611, 613, 619, 620, 621, 630], "excluded_lines": []}, "start_webauthn_authentication": {"executed_lines": [646, 649, 650], "summary": {"covered_lines": 3, "num_statements": 22, "percent_covered": 13.636363636363637, "percent_covered_display": "13.64", "missing_lines": 19, "excluded_lines": 0}, "missing_lines": [651, 653, 654, 660, 661, 662, 664, 665, 670, 671, 672, 680, 681, 686, 687, 694, 700, 701, 703], "excluded_lines": []}, "finish_webauthn_authentication": {"executed_lines": [721, 724, 725, 740, 741], "summary": {"covered_lines": 5, "num_statements": 37, "percent_covered": 13.513513513513514, "percent_covered_display": "13.51", "missing_lines": 32, "excluded_lines": 0}, "missing_lines": [726, 728, 729, 735, 746, 749, 750, 756, 757, 758, 763, 767, 768, 770, 771, 777, 779, 780, 788, 789, 795, 796, 799, 800, 802, 809, 812, 815, 823, 825, 828, 837], "excluded_lines": []}, "list_webauthn_credentials": {"executed_lines": [851, 852, 858, 863], "summary": {"covered_lines": 4, "num_statements": 11, "percent_covered": 36.36363636363637, "percent_covered_display": "36.36", "missing_lines": 7, "excluded_lines": 0}, "missing_lines": [864, 866, 867, 873, 876, 877, 879], "excluded_lines": []}, "logout": {"executed_lines": [901, 903, 907, 915, 917], "summary": {"covered_lines": 5, "num_statements": 9, "percent_covered": 55.55555555555556, "percent_covered_display": "55.56", "missing_lines": 4, "excluded_lines": 0}, "missing_lines": [908, 910, 911, 912], "excluded_lines": []}, "get_current_user": {"executed_lines": [929, 931], "summary": {"covered_lines": 2, "num_statements": 2, "percent_covered": 100.0, "percent_covered_display": "100.00", "missing_lines": 0, "excluded_lines": 0}, "missing_lines": [], "excluded_lines": []}, "verify_email": {"executed_lines": [954, 960], "summary": {"covered_lines": 2, "num_statements": 27, "percent_covered": 7.407407407407407, "percent_covered_display": "7.41", "missing_lines": 25, "excluded_lines": 0}, "missing_lines": [961, 963, 964, 969, 975, 976, 977, 979, 980, 986, 987, 988, 991, 992, 997, 998, 1000, 1008, 1011, 1014, 1022, 1024, 1026, 1033, 1042], "excluded_lines": []}, "resend_verification_email": {"executed_lines": [1061, 1062], "summary": {"covered_lines": 2, "num_statements": 18, "percent_covered": 11.11111111111111, "percent_covered_display": "11.11", "missing_lines": 16, "excluded_lines": 0}, "missing_lines": [1063, 1065, 1067, 1068, 1070, 1071, 1073, 1082, 1085, 1092, 1094, 1097, 1098, 1110, 1116, 1122], "excluded_lines": []}, "list_sessions": {"executed_lines": [1136, 1139, 1150], "summary": {"covered_lines": 3, "num_statements": 6, "percent_covered": 50.0, "percent_covered_display": "50.00", "missing_lines": 3, "excluded_lines": 0}, "missing_lines": [1151, 1154, 1167], "excluded_lines": []}, "revoke_session": {"executed_lines": [1182, 1185, 1187, 1188, 1189, 1190, 1196, 1197, 1203, 1208], "summary": {"covered_lines": 10, "num_statements": 20, "percent_covered": 50.0, "percent_covered_display": "50.00", "missing_lines": 10, "excluded_lines": 0}, "missing_lines": [1209, 1211, 1212, 1218, 1219, 1222, 1228, 1230, 1232, 1238], "excluded_lines": []}, "revoke_all_other_sessions": {"executed_lines": [1260, 1263, 1269], "summary": {"covered_lines": 3, "num_statements": 14, "percent_covered": 21.428571428571427, "percent_covered_display": "21.43", "missing_lines": 11, "excluded_lines": 0}, "missing_lines": [1270, 1273, 1274, 1276, 1277, 1278, 1281, 1291, 1293, 1295, 1301], "excluded_lines": []}, "": {"executed_lines": [1, 2, 3, 5, 6, 7, 8, 9, 10, 12, 13, 14, 15, 21, 22, 23, 30, 32, 34, 35, 38, 39, 42, 43, 46, 47, 50, 51, 52, 55, 56, 59, 60, 61, 64, 65, 66, 67, 70, 71, 72, 75, 76, 79, 80, 81, 84, 85, 86, 87, 90, 91, 92, 95, 96, 97, 98, 99, 102, 103, 106, 107, 108, 111, 112, 115, 116, 119, 120, 122, 123, 124, 125, 126, 127, 128, 131, 132, 134, 135, 138, 139, 141, 142, 145, 146, 148, 149, 152, 153, 292, 293, 443, 444, 515, 516, 636, 639, 709, 712, 843, 844, 892, 893, 920, 921, 942, 943, 1048, 1051, 1125, 1126, 1170, 1171, 1244, 1247], "summary": {"covered_lines": 112, "num_statements": 112, "percent_covered": 100.0, "percent_covered_display": "100.00", "missing_lines": 0, "excluded_lines": 0}, "missing_lines": [], "excluded_lines": []}}, "classes": {"MagicLinkRequest": {"executed_lines": [], "summary": {"covered_lines": 0, "num_statements": 0, "percent_covered": 100.0, "percent_covered_display": "100.00", "missing_lines": 0, "excluded_lines": 0}, "missing_lines": [], "excluded_lines": []}, "MagicLinkResponse": {"executed_lines": [], "summary": {"covered_lines": 0, "num_statements": 0, "percent_covered": 100.0, "percent_covered_display": "100.00", "missing_lines": 0, "excluded_lines": 0}, "missing_lines": [], "excluded_lines": []}, "MagicLinkVerifyRequest": {"executed_lines": [], "summary": {"covered_lines": 0, "num_statements": 0, "percent_covered": 100.0, "percent_covered_display": "100.00", "missing_lines": 0, "excluded_lines": 0}, "missing_lines": [], "excluded_lines": []}, "MagicLinkVerifyResponse": {"executed_lines": [], "summary": {"covered_lines": 0, "num_statements": 0, "percent_covered": 100.0, "percent_covered_display": "100.00", "missing_lines": 0, "excluded_lines": 0}, "missing_lines": [], "excluded_lines": []}, "WebAuthnRegisterStartRequest": {"executed_lines": [], "summary": {"covered_lines": 0, "num_statements": 0, "percent_covered": 100.0, "percent_covered_display": "100.00", "missing_lines": 0, "excluded_lines": 0}, "missing_lines": [], "excluded_lines": []}, "WebAuthnRegisterStartResponse": {"executed_lines": [], "summary": {"covered_lines": 0, "num_statements": 0, "percent_covered": 100.0, "percent_covered_display": "100.00", "missing_lines": 0, "excluded_lines": 0}, "missing_lines": [], "excluded_lines": []}, "WebAuthnRegisterFinishRequest": {"executed_lines": [], "summary": {"covered_lines": 0, "num_statements": 0, "percent_covered": 100.0, "percent_covered_display": "100.00", "missing_lines": 0, "excluded_lines": 0}, "missing_lines": [], "excluded_lines": []}, "WebAuthnRegisterFinishResponse": {"executed_lines": [], "summary": {"covered_lines": 0, "num_statements": 0, "percent_covered": 100.0, "percent_covered_display": "100.00", "missing_lines": 0, "excluded_lines": 0}, "missing_lines": [], "excluded_lines": []}, "WebAuthnAuthenticateStartRequest": {"executed_lines": [], "summary": {"covered_lines": 0, "num_statements": 0, "percent_covered": 100.0, "percent_covered_display": "100.00", "missing_lines": 0, "excluded_lines": 0}, "missing_lines": [], "excluded_lines": []}, "WebAuthnAuthenticateStartResponse": {"executed_lines": [], "summary": {"covered_lines": 0, "num_statements": 0, "percent_covered": 100.0, "percent_covered_display": "100.00", "missing_lines": 0, "excluded_lines": 0}, "missing_lines": [], "excluded_lines": []}, "WebAuthnAuthenticateFinishRequest": {"executed_lines": [], "summary": {"covered_lines": 0, "num_statements": 0, "percent_covered": 100.0, "percent_covered_display": "100.00", "missing_lines": 0, "excluded_lines": 0}, "missing_lines": [], "excluded_lines": []}, "WebAuthnAuthenticateFinishResponse": {"executed_lines": [], "summary": {"covered_lines": 0, "num_statements": 0, "percent_covered": 100.0, "percent_covered_display": "100.00", "missing_lines": 0, "excluded_lines": 0}, "missing_lines": [], "excluded_lines": []}, "WebAuthnCredentialResponse": {"executed_lines": [], "summary": {"covered_lines": 0, "num_statements": 0, "percent_covered": 100.0, "percent_covered_display": "100.00", "missing_lines": 0, "excluded_lines": 0}, "missing_lines": [], "excluded_lines": []}, "EmailVerifyRequest": {"executed_lines": [], "summary": {"covered_lines": 0, "num_statements": 0, "percent_covered": 100.0, "percent_covered_display": "100.00", "missing_lines": 0, "excluded_lines": 0}, "missing_lines": [], "excluded_lines": []}, "EmailVerifyResponse": {"executed_lines": [], "summary": {"covered_lines": 0, "num_statements": 0, "percent_covered": 100.0, "percent_covered_display": "100.00", "missing_lines": 0, "excluded_lines": 0}, "missing_lines": [], "excluded_lines": []}, "EmailResendVerificationRequest": {"executed_lines": [], "summary": {"covered_lines": 0, "num_statements": 0, "percent_covered": 100.0, "percent_covered_display": "100.00", "missing_lines": 0, "excluded_lines": 0}, "missing_lines": [], "excluded_lines": []}, "EmailResendVerificationResponse": {"executed_lines": [], "summary": {"covered_lines": 0, "num_statements": 0, "percent_covered": 100.0, "percent_covered_display": "100.00", "missing_lines": 0, "excluded_lines": 0}, "missing_lines": [], "excluded_lines": []}, "SessionInfo": {"executed_lines": [], "summary": {"covered_lines": 0, "num_statements": 0, "percent_covered": 100.0, "percent_covered_display": "100.00", "missing_lines": 0, "excluded_lines": 0}, "missing_lines": [], "excluded_lines": []}, "ListSessionsResponse": {"executed_lines": [], "summary": {"covered_lines": 0, "num_statements": 0, "percent_covered": 100.0, "percent_covered_display": "100.00", "missing_lines": 0, "excluded_lines": 0}, "missing_lines": [], "excluded_lines": []}, "RevokeSessionResponse": {"executed_lines": [], "summary": {"covered_lines": 0, "num_statements": 0, "percent_covered": 100.0, "percent_covered_display": "100.00", "missing_lines": 0, "excluded_lines": 0}, "missing_lines": [], "excluded_lines": []}, "RevokeAllOtherSessionsResponse": {"executed_lines": [], "summary": {"covered_lines": 0, "num_statements": 0, "percent_covered": 100.0, "percent_covered_display": "100.00", "missing_lines": 0, "excluded_lines": 0}, "missing_lines": [], "excluded_lines": []}, "": {"executed_lines": [1, 2, 3, 5, 6, 7, 8, 9, 10, 12, 13, 14, 15, 21, 22, 23, 30, 32, 34, 35, 38, 39, 42, 43, 46, 47, 50, 51, 52, 55, 56, 59, 60, 61, 64, 65, 66, 67, 70, 71, 72, 75, 76, 79, 80, 81, 84, 85, 86, 87, 90, 91, 92, 95, 96, 97, 98, 99, 102, 103, 106, 107, 108, 111, 112, 115, 116, 119, 120, 122, 123, 124, 125, 126, 127, 128, 131, 132, 134, 135, 138, 139, 141, 142, 145, 146, 148, 149, 152, 153, 163, 164, 167, 168, 292, 293, 303, 309, 355, 357, 365, 366, 384, 385, 386, 389, 390, 392, 400, 403, 404, 407, 410, 418, 420, 443, 444, 451, 454, 455, 500, 506, 507, 515, 516, 528, 529, 530, 533, 534, 549, 550, 636, 639, 646, 649, 650, 709, 712, 721, 724, 725, 740, 741, 843, 844, 851, 852, 858, 863, 892, 893, 901, 903, 907, 915, 917, 920, 921, 929, 931, 942, 943, 954, 960, 1048, 1051, 1061, 1062, 1125, 1126, 1136, 1139, 1150, 1170, 1171, 1182, 1185, 1187, 1188, 1189, 1190, 1196, 1197, 1203, 1208, 1244, 1247, 1260, 1263, 1269], "summary": {"covered_lines": 187, "num_statements": 407, "percent_covered": 45.945945945945944, "percent_covered_display": "45.95", "missing_lines": 220, "excluded_lines": 0}, "missing_lines": [169, 171, 172, 174, 175, 182, 183, 184, 185, 188, 189, 191, 192, 193, 195, 204, 207, 214, 216, 219, 222, 234, 240, 243, 246, 255, 258, 265, 267, 270, 271, 283, 289, 310, 312, 315, 320, 326, 327, 328, 330, 331, 337, 338, 343, 352, 353, 368, 375, 422, 429, 438, 456, 458, 460, 464, 465, 466, 469, 470, 471, 473, 474, 475, 483, 484, 492, 493, 509, 535, 537, 538, 544, 555, 558, 559, 565, 567, 568, 575, 576, 582, 591, 594, 600, 602, 605, 611, 613, 619, 620, 621, 630, 651, 653, 654, 660, 661, 662, 664, 665, 670, 671, 672, 680, 681, 686, 687, 694, 700, 701, 703, 726, 728, 729, 735, 746, 749, 750, 756, 757, 758, 763, 767, 768, 770, 771, 777, 779, 780, 788, 789, 795, 796, 799, 800, 802, 809, 812, 815, 823, 825, 828, 837, 864, 866, 867, 873, 876, 877, 879, 908, 910, 911, 912, 961, 963, 964, 969, 975, 976, 977, 979, 980, 986, 987, 988, 991, 992, 997, 998, 1000, 1008, 1011, 1014, 1022, 1024, 1026, 1033, 1042, 1063, 1065, 1067, 1068, 1070, 1071, 1073, 1082, 1085, 1092, 1094, 1097, 1098, 1110, 1116, 1122, 1151, 1154, 1167, 1209, 1211, 1212, 1218, 1219, 1222, 1228, 1230, 1232, 1238, 1270, 1273, 1274, 1276, 1277, 1278, 1281, 1291, 1293, 1295, 1301], "excluded_lines": []}}}, "app/core/challenge_storage.py": {"executed_lines": [1, 3, 5, 8, 11, 13, 16, 33, 34, 37, 40, 42, 43, 47, 50, 67, 68, 70, 72, 73, 74, 75, 77, 78, 79, 93], "summary": {"covered_lines": 25, "num_statements": 46, "percent_covered": 54.34782608695652, "percent_covered_display": "54.35", "missing_lines": 21, "excluded_lines": 0}, "missing_lines": [44, 45, 82, 83, 84, 86, 87, 89, 90, 108, 109, 111, 112, 113, 114, 115, 116, 117, 118, 119, 120], "excluded_lines": [], "functions": {"_generate_challenge_id": {"executed_lines": [13], "summary": {"covered_lines": 1, "num_statements": 1, "percent_covered": 100.0, "percent_covered_display": "100.00", "missing_lines": 0, "excluded_lines": 0}, "missing_lines": [], "excluded_lines": []}, "store_challenge": {"executed_lines": [33, 34, 37, 40, 42, 43, 47], "summary": {"covered_lines": 7, "num_statements": 9, "percent_covered": 77.77777777777777, "percent_covered_display": "77.78", "missing_lines": 2, "excluded_lines": 0}, "missing_lines": [44, 45], "excluded_lines": []}, "retrieve_and_delete_challenge": {"executed_lines": [67, 68, 70, 72, 73, 74, 75, 77, 78, 79], "summary": {"covered_lines": 10, "num_statements": 17, "percent_covered": 58.8235294117647, "percent_covered_display": "58.82", "missing_lines": 7, "excluded_lines": 0}, "missing_lines": [82, 83, 84, 86, 87, 89, 90], "excluded_lines": []}, "cleanup_expired_challenges": {"executed_lines": [], "summary": {"covered_lines": 0, "num_statements": 12, "percent_covered": 0.0, "percent_covered_display": "0.00", "missing_lines": 12, "excluded_lines": 0}, "missing_lines": [108, 109, 111, 112, 113, 114, 115, 116, 117, 118, 119, 120], "excluded_lines": []}, "": {"executed_lines": [1, 3, 5, 8, 11, 16, 50, 93], "summary": {"covered_lines": 7, "num_statements": 7, "percent_covered": 100.0, "percent_covered_display": "100.00", "missing_lines": 0, "excluded_lines": 0}, "missing_lines": [], "excluded_lines": []}}, "classes": {"": {"executed_lines": [1, 3, 5, 8, 11, 13, 16, 33, 34, 37, 40, 42, 43, 47, 50, 67, 68, 70, 72, 73, 74, 75, 77, 78, 79, 93], "summary": {"covered_lines": 25, "num_statements": 46, "percent_covered": 54.34782608695652, "percent_covered_display": "54.35", "missing_lines": 21, "excluded_lines": 0}, "missing_lines": [44, 45, 82, 83, 84, 86, 87, 89, 90, 108, 109, 111, 112, 113, 114, 115, 116, 117, 118, 119, 120], "excluded_lines": []}}}, "app/core/cleanup.py": {"executed_lines": [1, 3, 4, 5, 7, 8, 10, 13, 14, 15, 17, 20, 32, 33, 36, 39, 44, 45, 47, 49, 51, 58, 61, 70, 72, 74, 75, 77, 79, 81, 84, 109], "summary": {"covered_lines": 30, "num_statements": 45, "percent_covered": 66.66666666666667, "percent_covered_display": "66.67", "missing_lines": 15, "excluded_lines": 2}, "missing_lines": [90, 93, 94, 95, 96, 98, 104, 105, 106, 118, 119, 120, 121, 122, 125], "excluded_lines": [10, 11], "functions": {"cleanup_expired_sessions": {"executed_lines": [32, 33, 36, 39, 44, 45, 47, 49, 51, 58], "summary": {"covered_lines": 10, "num_statements": 10, "percent_covered": 100.0, "percent_covered_display": "100.00", "missing_lines": 0, "excluded_lines": 0}, "missing_lines": [], "excluded_lines": []}, "cleanup_expired_magic_links": {"executed_lines": [70, 72, 74, 75, 77, 79, 81], "summary": {"covered_lines": 7, "num_statements": 7, "percent_covered": 100.0, "percent_covered_display": "100.00", "missing_lines": 0, "excluded_lines": 0}, "missing_lines": [], "excluded_lines": []}, "run_cleanup_job": {"executed_lines": [], "summary": {"covered_lines": 0, "num_statements": 9, "percent_covered": 0.0, "percent_covered_display": "0.00", "missing_lines": 9, "excluded_lines": 0}, "missing_lines": [90, 93, 94, 95, 96, 98, 104, 105, 106], "excluded_lines": []}, "schedule_cleanup_job": {"executed_lines": [], "summary": {"covered_lines": 0, "num_statements": 6, "percent_covered": 0.0, "percent_covered_display": "0.00", "missing_lines": 6, "excluded_lines": 0}, "missing_lines": [118, 119, 120, 121, 122, 125], "excluded_lines": []}, "": {"executed_lines": [1, 3, 4, 5, 7, 8, 10, 13, 14, 15, 17, 20, 61, 84, 109], "summary": {"covered_lines": 13, "num_statements": 13, "percent_covered": 100.0, "percent_covered_display": "100.00", "missing_lines": 0, "excluded_lines": 2}, "missing_lines": [], "excluded_lines": [10, 11]}}, "classes": {"": {"executed_lines": [1, 3, 4, 5, 7, 8, 10, 13, 14, 15, 17, 20, 32, 33, 36, 39, 44, 45, 47, 49, 51, 58, 61, 70, 72, 74, 75, 77, 79, 81, 84, 109], "summary": {"covered_lines": 30, "num_statements": 45, "percent_covered": 66.66666666666667, "percent_covered_display": "66.67", "missing_lines": 15, "excluded_lines": 2}, "missing_lines": [90, 93, 94, 95, 96, 98, 104, 105, 106, 118, 119, 120, 121, 122, 125], "excluded_lines": [10, 11]}}}, "app/core/email.py": {"executed_lines": [1, 2, 4, 6, 7, 8, 9, 10, 11, 14, 15, 16, 17, 18, 19, 21], "summary": {"covered_lines": 16, "num_statements": 16, "percent_covered": 100.0, "percent_covered_display": "100.00", "missing_lines": 0, "excluded_lines": 0}, "missing_lines": [], "excluded_lines": [], "functions": {"send_email": {"executed_lines": [15, 16, 17, 18, 19, 21], "summary": {"covered_lines": 6, "num_statements": 6, "percent_covered": 100.0, "percent_covered_display": "100.00", "missing_lines": 0, "excluded_lines": 0}, "missing_lines": [], "excluded_lines": []}, "": {"executed_lines": [1, 2, 4, 6, 7, 8, 9, 10, 11, 14], "summary": {"covered_lines": 10, "num_statements": 10, "percent_covered": 100.0, "percent_covered_display": "100.00", "missing_lines": 0, "excluded_lines": 0}, "missing_lines": [], "excluded_lines": []}}, "classes": {"": {"executed_lines": [1, 2, 4, 6, 7, 8, 9, 10, 11, 14, 15, 16, 17, 18, 19, 21], "summary": {"covered_lines": 16, "num_statements": 16, "percent_covered": 100.0, "percent_covered_display": "100.00", "missing_lines": 0, "excluded_lines": 0}, "missing_lines": [], "excluded_lines": []}}}, "app/core/rate_limiter.py": {"executed_lines": [1, 12, 13, 14, 15, 17, 18, 21, 22, 23, 25, 26, 27, 30, 31, 32, 34, 35, 36, 37, 40, 41, 43, 44, 46, 63, 64, 65, 68, 71, 74, 77, 79, 82, 85, 88, 89, 90, 92, 95, 98, 99, 101, 102, 103, 104, 106, 113, 131, 139, 140, 144, 146, 147], "summary": {"covered_lines": 50, "num_statements": 59, "percent_covered": 84.7457627118644, "percent_covered_display": "84.75", "missing_lines": 9, "excluded_lines": 0}, "missing_lines": [133, 134, 135, 136, 142, 150, 151, 152, 153], "excluded_lines": [], "functions": {"RateLimiter.__init__": {"executed_lines": [44], "summary": {"covered_lines": 1, "num_statements": 1, "percent_covered": 100.0, "percent_covered_display": "100.00", "missing_lines": 0, "excluded_lines": 0}, "missing_lines": [], "excluded_lines": []}, "RateLimiter.check_rate_limit": {"executed_lines": [63, 64, 65, 68, 71, 74, 77, 79, 82, 85, 88, 89, 90, 92, 95, 98, 99, 101, 102, 103, 104, 106], "summary": {"covered_lines": 22, "num_statements": 22, "percent_covered": 100.0, "percent_covered_display": "100.00", "missing_lines": 0, "excluded_lines": 0}, "missing_lines": [], "excluded_lines": []}, "RateLimiter.get_identifier": {"executed_lines": [131, 139, 140, 144, 146, 147], "summary": {"covered_lines": 6, "num_statements": 15, "percent_covered": 40.0, "percent_covered_display": "40.00", "missing_lines": 9, "excluded_lines": 0}, "missing_lines": [133, 134, 135, 136, 142, 150, 151, 152, 153], "excluded_lines": []}, "": {"executed_lines": [1, 12, 13, 14, 15, 17, 18, 21, 22, 23, 25, 26, 27, 30, 31, 32, 34, 35, 36, 37, 40, 41, 43, 46, 113], "summary": {"covered_lines": 21, "num_statements": 21, "percent_covered": 100.0, "percent_covered_display": "100.00", "missing_lines": 0, "excluded_lines": 0}, "missing_lines": [], "excluded_lines": []}}, "classes": {"RateLimit": {"executed_lines": [], "summary": {"covered_lines": 0, "num_statements": 0, "percent_covered": 100.0, "percent_covered_display": "100.00", "missing_lines": 0, "excluded_lines": 0}, "missing_lines": [], "excluded_lines": []}, "RateLimitResult": {"executed_lines": [], "summary": {"covered_lines": 0, "num_statements": 0, "percent_covered": 100.0, "percent_covered_display": "100.00", "missing_lines": 0, "excluded_lines": 0}, "missing_lines": [], "excluded_lines": []}, "RateLimiter": {"executed_lines": [44, 63, 64, 65, 68, 71, 74, 77, 79, 82, 85, 88, 89, 90, 92, 95, 98, 99, 101, 102, 103, 104, 106, 131, 139, 140, 144, 146, 147], "summary": {"covered_lines": 29, "num_statements": 38, "percent_covered": 76.3157894736842, "percent_covered_display": "76.32", "missing_lines": 9, "excluded_lines": 0}, "missing_lines": [133, 134, 135, 136, 142, 150, 151, 152, 153], "excluded_lines": []}, "": {"executed_lines": [1, 12, 13, 14, 15, 17, 18, 21, 22, 23, 25, 26, 27, 30, 31, 32, 34, 35, 36, 37, 40, 41, 43, 46, 113], "summary": {"covered_lines": 21, "num_statements": 21, "percent_covered": 100.0, "percent_covered_display": "100.00", "missing_lines": 0, "excluded_lines": 0}, "missing_lines": [], "excluded_lines": []}}}, "app/core/redis_client.py": {"executed_lines": [1, 3, 5, 7, 10, 22, 23, 24, 25, 33, 37, 40], "summary": {"covered_lines": 11, "num_statements": 16, "percent_covered": 68.75, "percent_covered_display": "68.75", "missing_lines": 5, "excluded_lines": 0}, "missing_lines": [34, 35, 43, 44, 45], "excluded_lines": [], "functions": {"get_redis": {"executed_lines": [22, 23, 24, 25, 33, 37], "summary": {"covered_lines": 6, "num_statements": 8, "percent_covered": 75.0, "percent_covered_display": "75.00", "missing_lines": 2, "excluded_lines": 0}, "missing_lines": [34, 35], "excluded_lines": []}, "close_redis": {"executed_lines": [], "summary": {"covered_lines": 0, "num_statements": 3, "percent_covered": 0.0, "percent_covered_display": "0.00", "missing_lines": 3, "excluded_lines": 0}, "missing_lines": [43, 44, 45], "excluded_lines": []}, "": {"executed_lines": [1, 3, 5, 7, 10, 40], "summary": {"covered_lines": 5, "num_statements": 5, "percent_covered": 100.0, "percent_covered_display": "100.00", "missing_lines": 0, "excluded_lines": 0}, "missing_lines": [], "excluded_lines": []}}, "classes": {"": {"executed_lines": [1, 3, 5, 7, 10, 22, 23, 24, 25, 33, 37, 40], "summary": {"covered_lines": 11, "num_statements": 16, "percent_covered": 68.75, "percent_covered_display": "68.75", "missing_lines": 5, "excluded_lines": 0}, "missing_lines": [34, 35, 43, 44, 45], "excluded_lines": []}}}, "app/core/security.py": {"executed_lines": [1, 2, 3, 4, 6, 9, 11, 14, 16, 19, 21, 24, 26, 29, 31, 35, 36, 37, 40, 55, 56, 58, 60, 61, 63, 65, 66, 71, 74, 89, 90, 93, 96, 97, 100, 102, 103, 104, 109, 111, 113, 116, 126, 127], "summary": {"covered_lines": 44, "num_statements": 45, "percent_covered": 97.77777777777777, "percent_covered_display": "97.78", "missing_lines": 1, "excluded_lines": 0}, "missing_lines": [69], "excluded_lines": [], "functions": {"create_session_token": {"executed_lines": [11], "summary": {"covered_lines": 1, "num_statements": 1, "percent_covered": 100.0, "percent_covered_display": "100.00", "missing_lines": 0, "excluded_lines": 0}, "missing_lines": [], "excluded_lines": []}, "hash_token": {"executed_lines": [16], "summary": {"covered_lines": 1, "num_statements": 1, "percent_covered": 100.0, "percent_covered_display": "100.00", "missing_lines": 0, "excluded_lines": 0}, "missing_lines": [], "excluded_lines": []}, "verify_token_hash": {"executed_lines": [21], "summary": {"covered_lines": 1, "num_statements": 1, "percent_covered": 100.0, "percent_covered_display": "100.00", "missing_lines": 0, "excluded_lines": 0}, "missing_lines": [], "excluded_lines": []}, "create_magic_link_token": {"executed_lines": [26], "summary": {"covered_lines": 1, "num_statements": 1, "percent_covered": 100.0, "percent_covered_display": "100.00", "missing_lines": 0, "excluded_lines": 0}, "missing_lines": [], "excluded_lines": []}, "hash_magic_link_token": {"executed_lines": [31], "summary": {"covered_lines": 1, "num_statements": 1, "percent_covered": 100.0, "percent_covered_display": "100.00", "missing_lines": 0, "excluded_lines": 0}, "missing_lines": [], "excluded_lines": []}, "check_account_lockout": {"executed_lines": [55, 56, 58, 60, 61, 63, 65, 66, 71], "summary": {"covered_lines": 9, "num_statements": 10, "percent_covered": 90.0, "percent_covered_display": "90.00", "missing_lines": 1, "excluded_lines": 0}, "missing_lines": [69], "excluded_lines": []}, "record_failed_login": {"executed_lines": [89, 90, 93, 96, 97, 100, 102, 103, 104, 109, 111, 113], "summary": {"covered_lines": 12, "num_statements": 12, "percent_covered": 100.0, "percent_covered_display": "100.00", "missing_lines": 0, "excluded_lines": 0}, "missing_lines": [], "excluded_lines": []}, "reset_failed_login_attempts": {"executed_lines": [126, 127], "summary": {"covered_lines": 2, "num_statements": 2, "percent_covered": 100.0, "percent_covered_display": "100.00", "missing_lines": 0, "excluded_lines": 0}, "missing_lines": [], "excluded_lines": []}, "": {"executed_lines": [1, 2, 3, 4, 6, 9, 14, 19, 24, 29, 35, 36, 37, 40, 74, 116], "summary": {"covered_lines": 16, "num_statements": 16, "percent_covered": 100.0, "percent_covered_display": "100.00", "missing_lines": 0, "excluded_lines": 0}, "missing_lines": [], "excluded_lines": []}}, "classes": {"": {"executed_lines": [1, 2, 3, 4, 6, 9, 11, 14, 16, 19, 21, 24, 26, 29, 31, 35, 36, 37, 40, 55, 56, 58, 60, 61, 63, 65, 66, 71, 74, 89, 90, 93, 96, 97, 100, 102, 103, 104, 109, 111, 113, 116, 126, 127], "summary": {"covered_lines": 44, "num_statements": 45, "percent_covered": 97.77777777777777, "percent_covered_display": "97.78", "missing_lines": 1, "excluded_lines": 0}, "missing_lines": [69], "excluded_lines": []}}}, "app/core/session_rotation.py": {"executed_lines": [1, 3, 4, 6, 7, 9, 10, 11, 13, 16, 19, 30, 31, 34, 35, 37, 40, 63, 66, 67, 70, 71, 79, 82, 91, 92, 94, 97, 115, 117, 119, 121, 124, 127, 142, 144, 148, 149, 151, 152, 153, 155, 157, 158, 160], "summary": {"covered_lines": 44, "num_statements": 44, "percent_covered": 100.0, "percent_covered_display": "100.00", "missing_lines": 0, "excluded_lines": 0}, "missing_lines": [], "excluded_lines": [], "functions": {"should_rotate_session": {"executed_lines": [30, 31, 34, 35, 37], "summary": {"covered_lines": 5, "num_statements": 5, "percent_covered": 100.0, "percent_covered_display": "100.00", "missing_lines": 0, "excluded_lines": 0}, "missing_lines": [], "excluded_lines": []}, "rotate_session": {"executed_lines": [63, 66, 67, 70, 71, 79, 82, 91, 92, 94], "summary": {"covered_lines": 10, "num_statements": 10, "percent_covered": 100.0, "percent_covered_display": "100.00", "missing_lines": 0, "excluded_lines": 0}, "missing_lines": [], "excluded_lines": []}, "check_and_rotate_if_needed": {"executed_lines": [115, 117, 119, 121, 124], "summary": {"covered_lines": 5, "num_statements": 5, "percent_covered": 100.0, "percent_covered_display": "100.00", "missing_lines": 0, "excluded_lines": 0}, "missing_lines": [], "excluded_lines": []}, "cleanup_rotated_sessions": {"executed_lines": [142, 144, 148, 149, 151, 152, 153, 155, 157, 158, 160], "summary": {"covered_lines": 11, "num_statements": 11, "percent_covered": 100.0, "percent_covered_display": "100.00", "missing_lines": 0, "excluded_lines": 0}, "missing_lines": [], "excluded_lines": []}, "": {"executed_lines": [1, 3, 4, 6, 7, 9, 10, 11, 13, 16, 19, 40, 97, 127], "summary": {"covered_lines": 13, "num_statements": 13, "percent_covered": 100.0, "percent_covered_display": "100.00", "missing_lines": 0, "excluded_lines": 0}, "missing_lines": [], "excluded_lines": []}}, "classes": {"": {"executed_lines": [1, 3, 4, 6, 7, 9, 10, 11, 13, 16, 19, 30, 31, 34, 35, 37, 40, 63, 66, 67, 70, 71, 79, 82, 91, 92, 94, 97, 115, 117, 119, 121, 124, 127, 142, 144, 148, 149, 151, 152, 153, 155, 157, 158, 160], "summary": {"covered_lines": 44, "num_statements": 44, "percent_covered": 100.0, "percent_covered_display": "100.00", "missing_lines": 0, "excluded_lines": 0}, "missing_lines": [], "excluded_lines": []}}}, "app/core/webauthn.py": {"executed_lines": [1, 2, 4, 10, 11, 24, 25, 27, 28, 29, 30, 32, 42, 45, 46, 61, 79, 81, 113, 146, 176, 178, 180, 181, 182, 184], "summary": {"covered_lines": 25, "num_statements": 43, "percent_covered": 58.13953488372093, "percent_covered_display": "58.14", "missing_lines": 18, "excluded_lines": 0}, "missing_lines": [47, 48, 88, 89, 90, 91, 104, 111, 123, 127, 134, 143, 144, 157, 158, 167, 172, 173], "excluded_lines": [], "functions": {"WebAuthnManager.__init__": {"executed_lines": [28, 29, 30], "summary": {"covered_lines": 3, "num_statements": 3, "percent_covered": 100.0, "percent_covered_display": "100.00", "missing_lines": 0, "excluded_lines": 0}, "missing_lines": [], "excluded_lines": []}, "WebAuthnManager.generate_registration_options": {"executed_lines": [42, 45, 46, 61, 79], "summary": {"covered_lines": 5, "num_statements": 7, "percent_covered": 71.42857142857143, "percent_covered_display": "71.43", "missing_lines": 2, "excluded_lines": 0}, "missing_lines": [47, 48], "excluded_lines": []}, "WebAuthnManager.generate_authentication_options": {"executed_lines": [], "summary": {"covered_lines": 0, "num_statements": 6, "percent_covered": 0.0, "percent_covered_display": "0.00", "missing_lines": 6, "excluded_lines": 0}, "missing_lines": [88, 89, 90, 91, 104, 111], "excluded_lines": []}, "WebAuthnManager.verify_registration_response": {"executed_lines": [], "summary": {"covered_lines": 0, "num_statements": 5, "percent_covered": 0.0, "percent_covered_display": "0.00", "missing_lines": 5, "excluded_lines": 0}, "missing_lines": [123, 127, 134, 143, 144], "excluded_lines": []}, "WebAuthnManager.verify_authentication_response": {"executed_lines": [], "summary": {"covered_lines": 0, "num_statements": 5, "percent_covered": 0.0, "percent_covered_display": "0.00", "missing_lines": 5, "excluded_lines": 0}, "missing_lines": [157, 158, 167, 172, 173], "excluded_lines": []}, "get_webauthn_manager": {"executed_lines": [178, 180, 181, 182, 184], "summary": {"covered_lines": 5, "num_statements": 5, "percent_covered": 100.0, "percent_covered_display": "100.00", "missing_lines": 0, "excluded_lines": 0}, "missing_lines": [], "excluded_lines": []}, "": {"executed_lines": [1, 2, 4, 10, 11, 24, 25, 27, 32, 81, 113, 146, 176], "summary": {"covered_lines": 12, "num_statements": 12, "percent_covered": 100.0, "percent_covered_display": "100.00", "missing_lines": 0, "excluded_lines": 0}, "missing_lines": [], "excluded_lines": []}}, "classes": {"WebAuthnManager": {"executed_lines": [28, 29, 30, 42, 45, 46, 61, 79], "summary": {"covered_lines": 8, "num_statements": 26, "percent_covered": 30.76923076923077, "percent_covered_display": "30.77", "missing_lines": 18, "excluded_lines": 0}, "missing_lines": [47, 48, 88, 89, 90, 91, 104, 111, 123, 127, 134, 143, 144, 157, 158, 167, 172, 173], "excluded_lines": []}, "": {"executed_lines": [1, 2, 4, 10, 11, 24, 25, 27, 32, 81, 113, 146, 176, 178, 180, 181, 182, 184], "summary": {"covered_lines": 17, "num_statements": 17, "percent_covered": 100.0, "percent_covered_display": "100.00", "missing_lines": 0, "excluded_lines": 0}, "missing_lines": [], "excluded_lines": []}}}, "app/db/base.py": {"executed_lines": [1, 2, 4, 12, 15, 16], "summary": {"covered_lines": 6, "num_statements": 6, "percent_covered": 100.0, "percent_covered_display": "100.00", "missing_lines": 0, "excluded_lines": 0}, "missing_lines": [], "excluded_lines": [], "functions": {"": {"executed_lines": [1, 2, 4, 12, 15, 16], "summary": {"covered_lines": 6, "num_statements": 6, "percent_covered": 100.0, "percent_covered_display": "100.00", "missing_lines": 0, "excluded_lines": 0}, "missing_lines": [], "excluded_lines": []}}, "classes": {"Base": {"executed_lines": [], "summary": {"covered_lines": 0, "num_statements": 0, "percent_covered": 100.0, "percent_covered_display": "100.00", "missing_lines": 0, "excluded_lines": 0}, "missing_lines": [], "excluded_lines": []}, "": {"executed_lines": [1, 2, 4, 12, 15, 16], "summary": {"covered_lines": 6, "num_statements": 6, "percent_covered": 100.0, "percent_covered_display": "100.00", "missing_lines": 0, "excluded_lines": 0}, "missing_lines": [], "excluded_lines": []}}}, "app/db/database.py": {"executed_lines": [1, 2, 4, 7, 12, 16, 24, 31, 33, 34, 35, 37, 40, 48], "summary": {"covered_lines": 14, "num_statements": 19, "percent_covered": 73.6842105263158, "percent_covered_display": "73.68", "missing_lines": 5, "excluded_lines": 0}, "missing_lines": [13, 42, 44, 45, 50], "excluded_lines": [], "functions": {"get_db": {"executed_lines": [33, 34, 35, 37], "summary": {"covered_lines": 4, "num_statements": 4, "percent_covered": 100.0, "percent_covered_display": "100.00", "missing_lines": 0, "excluded_lines": 0}, "missing_lines": [], "excluded_lines": []}, "init_db": {"executed_lines": [], "summary": {"covered_lines": 0, "num_statements": 3, "percent_covered": 0.0, "percent_covered_display": "0.00", "missing_lines": 3, "excluded_lines": 0}, "missing_lines": [42, 44, 45], "excluded_lines": []}, "close_db": {"executed_lines": [], "summary": {"covered_lines": 0, "num_statements": 1, "percent_covered": 0.0, "percent_covered_display": "0.00", "missing_lines": 1, "excluded_lines": 0}, "missing_lines": [50], "excluded_lines": []}, "": {"executed_lines": [1, 2, 4, 7, 12, 16, 24, 31, 40, 48], "summary": {"covered_lines": 10, "num_statements": 11, "percent_covered": 90.9090909090909, "percent_covered_display": "90.91", "missing_lines": 1, "excluded_lines": 0}, "missing_lines": [13], "excluded_lines": []}}, "classes": {"": {"executed_lines": [1, 2, 4, 7, 12, 16, 24, 31, 33, 34, 35, 37, 40, 48], "summary": {"covered_lines": 14, "num_statements": 19, "percent_covered": 73.6842105263158, "percent_covered_display": "73.68", "missing_lines": 5, "excluded_lines": 0}, "missing_lines": [13, 42, 44, 45, 50], "excluded_lines": []}}}, "app/db/models/auth.py": {"executed_lines": [1, 2, 4, 15, 16, 18, 22, 23, 25, 26, 29, 32, 35, 38, 44, 46, 49, 52, 56, 60, 61, 63, 64, 68, 71, 74, 77, 78, 80, 81, 83, 85, 89, 90, 92, 93, 97, 100, 101, 105, 106, 107, 108, 110, 113, 120, 122, 131, 132, 134, 135, 139, 142, 146, 147, 148, 150, 157, 158, 166, 168, 169, 173, 176, 179, 182, 185, 190, 191, 192, 194, 196], "summary": {"covered_lines": 71, "num_statements": 71, "percent_covered": 100.0, "percent_covered_display": "100.00", "missing_lines": 0, "excluded_lines": 0}, "missing_lines": [], "excluded_lines": [], "functions": {"": {"executed_lines": [1, 2, 4, 15, 16, 18, 22, 23, 25, 26, 29, 32, 35, 38, 44, 46, 49, 52, 56, 60, 61, 63, 64, 68, 71, 74, 77, 78, 80, 81, 83, 85, 89, 90, 92, 93, 97, 100, 101, 105, 106, 107, 108, 110, 113, 120, 122, 131, 132, 134, 135, 139, 142, 146, 147, 148, 150, 157, 158, 166, 168, 169, 173, 176, 179, 182, 185, 190, 191, 192, 194, 196], "summary": {"covered_lines": 71, "num_statements": 71, "percent_covered": 100.0, "percent_covered_display": "100.00", "missing_lines": 0, "excluded_lines": 0}, "missing_lines": [], "excluded_lines": []}}, "classes": {"User": {"executed_lines": [], "summary": {"covered_lines": 0, "num_statements": 0, "percent_covered": 100.0, "percent_covered_display": "100.00", "missing_lines": 0, "excluded_lines": 0}, "missing_lines": [], "excluded_lines": []}, "Session": {"executed_lines": [], "summary": {"covered_lines": 0, "num_statements": 0, "percent_covered": 100.0, "percent_covered_display": "100.00", "missing_lines": 0, "excluded_lines": 0}, "missing_lines": [], "excluded_lines": []}, "WebAuthnCredential": {"executed_lines": [], "summary": {"covered_lines": 0, "num_statements": 0, "percent_covered": 100.0, "percent_covered_display": "100.00", "missing_lines": 0, "excluded_lines": 0}, "missing_lines": [], "excluded_lines": []}, "LoginEvent": {"executed_lines": [], "summary": {"covered_lines": 0, "num_statements": 0, "percent_covered": 100.0, "percent_covered_display": "100.00", "missing_lines": 0, "excluded_lines": 0}, "missing_lines": [], "excluded_lines": []}, "MagicLinkToken": {"executed_lines": [], "summary": {"covered_lines": 0, "num_statements": 0, "percent_covered": 100.0, "percent_covered_display": "100.00", "missing_lines": 0, "excluded_lines": 0}, "missing_lines": [], "excluded_lines": []}, "": {"executed_lines": [1, 2, 4, 15, 16, 18, 22, 23, 25, 26, 29, 32, 35, 38, 44, 46, 49, 52, 56, 60, 61, 63, 64, 68, 71, 74, 77, 78, 80, 81, 83, 85, 89, 90, 92, 93, 97, 100, 101, 105, 106, 107, 108, 110, 113, 120, 122, 131, 132, 134, 135, 139, 142, 146, 147, 148, 150, 157, 158, 166, 168, 169, 173, 176, 179, 182, 185, 190, 191, 192, 194, 196], "summary": {"covered_lines": 71, "num_statements": 71, "percent_covered": 100.0, "percent_covered_display": "100.00", "missing_lines": 0, "excluded_lines": 0}, "missing_lines": [], "excluded_lines": []}}}, "app/main.py": {"executed_lines": [1, 3, 4, 6, 7, 8, 9, 10, 11, 12, 13, 14, 18, 19, 26, 28, 29, 32, 36, 37, 48, 50, 51, 54, 55, 57, 66, 69, 75, 76, 106, 107], "summary": {"covered_lines": 32, "num_statements": 55, "percent_covered": 58.18181818181818, "percent_covered_display": "58.18", "missing_lines": 23, "excluded_lines": 0}, "missing_lines": [39, 78, 79, 80, 81, 82, 87, 88, 90, 91, 92, 93, 97, 98, 100, 102, 103, 109, 110, 112, 113, 115, 116], "excluded_lines": [], "functions": {"api_root": {"executed_lines": [], "summary": {"covered_lines": 0, "num_statements": 1, "percent_covered": 0.0, "percent_covered_display": "0.00", "missing_lines": 1, "excluded_lines": 0}, "missing_lines": [39], "excluded_lines": []}, "startup_event": {"executed_lines": [], "summary": {"covered_lines": 0, "num_statements": 16, "percent_covered": 0.0, "percent_covered_display": "0.00", "missing_lines": 16, "excluded_lines": 0}, "missing_lines": [78, 79, 80, 81, 82, 87, 88, 90, 91, 92, 93, 97, 98, 100, 102, 103], "excluded_lines": []}, "shutdown_event": {"executed_lines": [], "summary": {"covered_lines": 0, "num_statements": 6, "percent_covered": 0.0, "percent_covered_display": "0.00", "missing_lines": 6, "excluded_lines": 0}, "missing_lines": [109, 110, 112, 113, 115, 116], "excluded_lines": []}, "": {"executed_lines": [1, 3, 4, 6, 7, 8, 9, 10, 11, 12, 13, 14, 18, 19, 26, 28, 29, 32, 36, 37, 48, 50, 51, 54, 55, 57, 66, 69, 75, 76, 106, 107], "summary": {"covered_lines": 32, "num_statements": 32, "percent_covered": 100.0, "percent_covered_display": "100.00", "missing_lines": 0, "excluded_lines": 0}, "missing_lines": [], "excluded_lines": []}}, "classes": {"": {"executed_lines": [1, 3, 4, 6, 7, 8, 9, 10, 11, 12, 13, 14, 18, 19, 26, 28, 29, 32, 36, 37, 48, 50, 51, 54, 55, 57, 66, 69, 75, 76, 106, 107], "summary": {"covered_lines": 32, "num_statements": 55, "percent_covered": 58.18181818181818, "percent_covered_display": "58.18", "missing_lines": 23, "excluded_lines": 0}, "missing_lines": [39, 78, 79, 80, 81, 82, 87, 88, 90, 91, 92, 93, 97, 98, 100, 102, 103, 109, 110, 112, 113, 115, 116], "excluded_lines": []}}}, "app/middleware/csrf.py": {"executed_lines": [1, 3, 4, 6, 7, 8, 10, 12, 14, 15, 16, 17, 20, 23, 33, 35, 38, 40, 41, 44, 45, 46, 47, 49, 52, 53, 61, 62, 63, 65, 67, 70, 72, 74, 76, 77, 84, 92, 93, 98, 106, 110, 111, 112, 121, 123], "summary": {"covered_lines": 44, "num_statements": 44, "percent_covered": 100.0, "percent_covered_display": "100.00", "missing_lines": 0, "excluded_lines": 0}, "missing_lines": [], "excluded_lines": [], "functions": {"generate_csrf_token": {"executed_lines": [35], "summary": {"covered_lines": 1, "num_statements": 1, "percent_covered": 100.0, "percent_covered_display": "100.00", "missing_lines": 0, "excluded_lines": 0}, "missing_lines": [], "excluded_lines": []}, "should_check_csrf": {"executed_lines": [40, 41, 44, 45, 46, 47, 49], "summary": {"covered_lines": 7, "num_statements": 7, "percent_covered": 100.0, "percent_covered_display": "100.00", "missing_lines": 0, "excluded_lines": 0}, "missing_lines": [], "excluded_lines": []}, "CSRFMiddleware.__init__": {"executed_lines": [62, 63], "summary": {"covered_lines": 2, "num_statements": 2, "percent_covered": 100.0, "percent_covered_display": "100.00", "missing_lines": 0, "excluded_lines": 0}, "missing_lines": [], "excluded_lines": []}, "CSRFMiddleware.dispatch": {"executed_lines": [67, 70, 72, 74, 76, 77, 84, 92, 93, 98, 106, 110, 111, 112, 121, 123], "summary": {"covered_lines": 16, "num_statements": 16, "percent_covered": 100.0, "percent_covered_display": "100.00", "missing_lines": 0, "excluded_lines": 0}, "missing_lines": [], "excluded_lines": []}, "": {"executed_lines": [1, 3, 4, 6, 7, 8, 10, 12, 14, 15, 16, 17, 20, 23, 33, 38, 52, 53, 61, 65], "summary": {"covered_lines": 18, "num_statements": 18, "percent_covered": 100.0, "percent_covered_display": "100.00", "missing_lines": 0, "excluded_lines": 0}, "missing_lines": [], "excluded_lines": []}}, "classes": {"CSRFMiddleware": {"executed_lines": [62, 63, 67, 70, 72, 74, 76, 77, 84, 92, 93, 98, 106, 110, 111, 112, 121, 123], "summary": {"covered_lines": 18, "num_statements": 18, "percent_covered": 100.0, "percent_covered_display": "100.00", "missing_lines": 0, "excluded_lines": 0}, "missing_lines": [], "excluded_lines": []}, "": {"executed_lines": [1, 3, 4, 6, 7, 8, 10, 12, 14, 15, 16, 17, 20, 23, 33, 35, 38, 40, 41, 44, 45, 46, 47, 49, 52, 53, 61, 65], "summary": {"covered_lines": 26, "num_statements": 26, "percent_covered": 100.0, "percent_covered_display": "100.00", "missing_lines": 0, "excluded_lines": 0}, "missing_lines": [], "excluded_lines": []}}}, "app/middleware/rate_limit.py": {"executed_lines": [1, 7, 8, 9, 11, 12, 13, 15, 16, 19, 55, 56, 58, 59, 60, 61, 63, 66, 70, 71, 74, 75, 78, 79, 80, 83, 84, 85, 86, 87, 89, 94, 95, 97, 117, 120, 121, 122, 124], "summary": {"covered_lines": 37, "num_statements": 40, "percent_covered": 92.5, "percent_covered_display": "92.50", "missing_lines": 3, "excluded_lines": 0}, "missing_lines": [67, 91, 99], "excluded_lines": [], "functions": {"RateLimitMiddleware.__init__": {"executed_lines": [59, 60, 61], "summary": {"covered_lines": 3, "num_statements": 3, "percent_covered": 100.0, "percent_covered_display": "100.00", "missing_lines": 0, "excluded_lines": 0}, "missing_lines": [], "excluded_lines": []}, "RateLimitMiddleware.dispatch": {"executed_lines": [66, 70, 71, 74, 75, 78, 79, 80, 83, 84, 85, 86, 87, 89, 94, 95, 97, 117, 120, 121, 122, 124], "summary": {"covered_lines": 22, "num_statements": 25, "percent_covered": 88.0, "percent_covered_display": "88.00", "missing_lines": 3, "excluded_lines": 0}, "missing_lines": [67, 91, 99], "excluded_lines": []}, "": {"executed_lines": [1, 7, 8, 9, 11, 12, 13, 15, 16, 19, 55, 56, 58, 63], "summary": {"covered_lines": 12, "num_statements": 12, "percent_covered": 100.0, "percent_covered_display": "100.00", "missing_lines": 0, "excluded_lines": 0}, "missing_lines": [], "excluded_lines": []}}, "classes": {"RateLimitMiddleware": {"executed_lines": [59, 60, 61, 66, 70, 71, 74, 75, 78, 79, 80, 83, 84, 85, 86, 87, 89, 94, 95, 97, 117, 120, 121, 122, 124], "summary": {"covered_lines": 25, "num_statements": 28, "percent_covered": 89.28571428571429, "percent_covered_display": "89.29", "missing_lines": 3, "excluded_lines": 0}, "missing_lines": [67, 91, 99], "excluded_lines": []}, "": {"executed_lines": [1, 7, 8, 9, 11, 12, 13, 15, 16, 19, 55, 56, 58, 63], "summary": {"covered_lines": 12, "num_statements": 12, "percent_covered": 100.0, "percent_covered_display": "100.00", "missing_lines": 0, "excluded_lines": 0}, "missing_lines": [], "excluded_lines": []}}}, "app/middleware/request_id.py": {"executed_lines": [1, 3, 5, 8, 9, 10, 11, 12, 13, 15, 16, 17], "summary": {"covered_lines": 12, "num_statements": 12, "percent_covered": 100.0, "percent_covered_display": "100.00", "missing_lines": 0, "excluded_lines": 0}, "missing_lines": [], "excluded_lines": [], "functions": {"RequestIDMiddleware.dispatch": {"executed_lines": [10, 11, 12, 13, 15, 16, 17], "summary": {"covered_lines": 7, "num_statements": 7, "percent_covered": 100.0, "percent_covered_display": "100.00", "missing_lines": 0, "excluded_lines": 0}, "missing_lines": [], "excluded_lines": []}, "": {"executed_lines": [1, 3, 5, 8, 9], "summary": {"covered_lines": 5, "num_statements": 5, "percent_covered": 100.0, "percent_covered_display": "100.00", "missing_lines": 0, "excluded_lines": 0}, "missing_lines": [], "excluded_lines": []}}, "classes": {"RequestIDMiddleware": {"executed_lines": [10, 11, 12, 13, 15, 16, 17], "summary": {"covered_lines": 7, "num_statements": 7, "percent_covered": 100.0, "percent_covered_display": "100.00", "missing_lines": 0, "excluded_lines": 0}, "missing_lines": [], "excluded_lines": []}, "": {"executed_lines": [1, 3, 5, 8, 9], "summary": {"covered_lines": 5, "num_statements": 5, "percent_covered": 100.0, "percent_covered_display": "100.00", "missing_lines": 0, "excluded_lines": 0}, "missing_lines": [], "excluded_lines": []}}}, "app/observability/logging.py": {"executed_lines": [1, 2, 3, 5, 6, 7, 10, 11, 13, 14, 22, 23, 24, 25, 26, 27, 28, 31, 32, 35, 36, 37, 40, 41, 42, 43, 45, 63, 64, 65], "summary": {"covered_lines": 30, "num_statements": 34, "percent_covered": 88.23529411764706, "percent_covered_display": "88.24", "missing_lines": 4, "excluded_lines": 0}, "missing_lines": [15, 16, 18, 19], "excluded_lines": [], "functions": {"_json_dumps": {"executed_lines": [14], "summary": {"covered_lines": 1, "num_statements": 1, "percent_covered": 100.0, "percent_covered_display": "100.00", "missing_lines": 0, "excluded_lines": 0}, "missing_lines": [], "excluded_lines": []}, "_add_trace_ids": {"executed_lines": [23, 24, 25, 26, 27, 28], "summary": {"covered_lines": 6, "num_statements": 6, "percent_covered": 100.0, "percent_covered_display": "100.00", "missing_lines": 0, "excluded_lines": 0}, "missing_lines": [], "excluded_lines": []}, "_json_renderer": {"executed_lines": [32], "summary": {"covered_lines": 1, "num_statements": 1, "percent_covered": 100.0, "percent_covered_display": "100.00", "missing_lines": 0, "excluded_lines": 0}, "missing_lines": [], "excluded_lines": []}, "configure_logging": {"executed_lines": [36, 37, 40, 41, 42, 43, 45], "summary": {"covered_lines": 7, "num_statements": 7, "percent_covered": 100.0, "percent_covered_display": "100.00", "missing_lines": 0, "excluded_lines": 0}, "missing_lines": [], "excluded_lines": []}, "": {"executed_lines": [1, 2, 3, 5, 6, 7, 10, 11, 13, 22, 31, 35, 63, 64, 65], "summary": {"covered_lines": 15, "num_statements": 19, "percent_covered": 78.94736842105263, "percent_covered_display": "78.95", "missing_lines": 4, "excluded_lines": 0}, "missing_lines": [15, 16, 18, 19], "excluded_lines": []}}, "classes": {"": {"executed_lines": [1, 2, 3, 5, 6, 7, 10, 11, 13, 14, 22, 23, 24, 25, 26, 27, 28, 31, 32, 35, 36, 37, 40, 41, 42, 43, 45, 63, 64, 65], "summary": {"covered_lines": 30, "num_statements": 34, "percent_covered": 88.23529411764706, "percent_covered_display": "88.24", "missing_lines": 4, "excluded_lines": 0}, "missing_lines": [15, 16, 18, 19], "excluded_lines": []}}}, "app/observability/otel.py": {"executed_lines": [1, 3, 4, 5, 6, 7, 8, 9, 10, 13, 14, 15, 16, 18, 19, 23, 24, 26, 27, 28], "summary": {"covered_lines": 20, "num_statements": 20, "percent_covered": 100.0, "percent_covered_display": "100.00", "missing_lines": 0, "excluded_lines": 0}, "missing_lines": [], "excluded_lines": [], "functions": {"setup_otel": {"executed_lines": [14, 15, 16, 18, 19, 23, 24, 26, 27, 28], "summary": {"covered_lines": 10, "num_statements": 10, "percent_covered": 100.0, "percent_covered_display": "100.00", "missing_lines": 0, "excluded_lines": 0}, "missing_lines": [], "excluded_lines": []}, "": {"executed_lines": [1, 3, 4, 5, 6, 7, 8, 9, 10, 13], "summary": {"covered_lines": 10, "num_statements": 10, "percent_covered": 100.0, "percent_covered_display": "100.00", "missing_lines": 0, "excluded_lines": 0}, "missing_lines": [], "excluded_lines": []}}, "classes": {"": {"executed_lines": [1, 3, 4, 5, 6, 7, 8, 9, 10, 13, 14, 15, 16, 18, 19, 23, 24, 26, 27, 28], "summary": {"covered_lines": 20, "num_statements": 20, "percent_covered": 100.0, "percent_covered_display": "100.00", "missing_lines": 0, "excluded_lines": 0}, "missing_lines": [], "excluded_lines": []}}}}, "totals": {"covered_lines": 801, "num_statements": 1143, "percent_covered": 70.07874015748031, "percent_covered_display": "70.08", "missing_lines": 342, "excluded_lines": 2}}
